2020-04-23 11:39:21.334 INFO  (main) [   ] o.e.j.u.log Logging initialized @3821ms to org.eclipse.jetty.util.log.Slf4jLog
2020-04-23 11:39:21.663 INFO  (main) [   ] o.e.j.s.Server jetty-9.4.24.v20191120; built: 2019-11-20T21:37:49.771Z; git: 363d5f2df3a8a28de40604320230664b9c793c16; jvm 14+36-1461
2020-04-23 11:39:21.707 INFO  (main) [   ] o.e.j.d.p.ScanningAppProvider Deployment monitor [file:///V:/Solr+Lucene/Solr/solr-8.5.0/solr-8.5.0/server/contexts/] at interval 0
2020-04-23 11:39:22.681 INFO  (main) [   ] o.e.j.w.StandardDescriptorProcessor NO JSP Support for /solr, did not find org.apache.jasper.servlet.JspServlet
2020-04-23 11:39:22.723 INFO  (main) [   ] o.e.j.s.session DefaultSessionIdManager workerName=node0
2020-04-23 11:39:22.723 INFO  (main) [   ] o.e.j.s.session No SessionScavenger set, using defaults
2020-04-23 11:39:22.726 INFO  (main) [   ] o.e.j.s.session node0 Scavenging every 660000ms
2020-04-23 11:39:22.984 INFO  (main) [   ] o.a.s.s.SolrDispatchFilter Using logger factory org.apache.logging.slf4j.Log4jLoggerFactory
2020-04-23 11:39:23.009 INFO  (main) [   ] o.a.s.s.SolrDispatchFilter  ___      _       Welcome to Apache Solr™ version 8.5.0
2020-04-23 11:39:23.009 INFO  (main) [   ] o.a.s.s.SolrDispatchFilter / __| ___| |_ _   Starting in standalone mode on port 8983
2020-04-23 11:39:23.009 INFO  (main) [   ] o.a.s.s.SolrDispatchFilter \__ \/ _ \ | '_|  Install dir: V:\Solr+Lucene\Solr\solr-8.5.0\solr-8.5.0
2020-04-23 11:39:23.009 INFO  (main) [   ] o.a.s.s.SolrDispatchFilter |___/\___/_|_|    Start time: 2020-04-23T11:39:23.009630800Z
2020-04-23 11:39:23.133 INFO  (main) [   ] o.a.s.c.SolrResourceLoader Using system property solr.solr.home: V:\Solr+Lucene\Solr\solr-8.5.0\solr-8.5.0\server\solr
2020-04-23 11:39:23.156 INFO  (main) [   ] o.a.s.c.SolrXmlConfig Loading container configuration from V:\Solr+Lucene\Solr\solr-8.5.0\solr-8.5.0\server\solr\solr.xml
2020-04-23 11:39:23.302 INFO  (main) [   ] o.a.s.c.SolrXmlConfig MBean server found: com.sun.jmx.mbeanserver.JmxMBeanServer@d86a6f, but no JMX reporters were configured - adding default JMX reporter.
2020-04-23 11:39:24.332 INFO  (main) [   ] o.a.s.h.c.HttpShardHandlerFactory Host whitelist initialized: WhitelistHostChecker [whitelistHosts=null, whitelistHostCheckingEnabled=true]
2020-04-23 11:39:24.635 WARN  (main) [   ] o.e.j.u.s.S.config Trusting all certificates configured for Client@6c1832aa[provider=null,keyStore=null,trustStore=null]
2020-04-23 11:39:24.635 WARN  (main) [   ] o.e.j.u.s.S.config No Client EndPointIdentificationAlgorithm configured for Client@6c1832aa[provider=null,keyStore=null,trustStore=null]
2020-04-23 11:39:24.813 WARN  (main) [   ] o.e.j.u.s.S.config Trusting all certificates configured for Client@2cfa2c4f[provider=null,keyStore=null,trustStore=null]
2020-04-23 11:39:24.813 WARN  (main) [   ] o.e.j.u.s.S.config No Client EndPointIdentificationAlgorithm configured for Client@2cfa2c4f[provider=null,keyStore=null,trustStore=null]
2020-04-23 11:39:24.837 WARN  (main) [   ] o.a.s.c.CoreContainer Not all security plugins configured!  authentication=disabled authorization=disabled.  Solr is only as secure as you make it. Consider configuring authentication/authorization before exposing Solr to users internal or external.  See https://s.apache.org/solrsecurity for more info
2020-04-23 11:39:25.047 INFO  (main) [   ] o.a.s.c.TransientSolrCoreCacheDefault Allocating transient cache for 2147483647 transient cores
2020-04-23 11:39:25.062 INFO  (main) [   ] o.a.s.h.a.MetricsHistoryHandler No .system collection, keeping metrics history in memory.
2020-04-23 11:39:25.169 INFO  (main) [   ] o.a.s.m.r.SolrJmxReporter JMX monitoring for 'solr.node' (registry 'solr.node') enabled at server: com.sun.jmx.mbeanserver.JmxMBeanServer@d86a6f
2020-04-23 11:39:25.170 INFO  (main) [   ] o.a.s.m.r.SolrJmxReporter JMX monitoring for 'solr.jvm' (registry 'solr.jvm') enabled at server: com.sun.jmx.mbeanserver.JmxMBeanServer@d86a6f
2020-04-23 11:39:25.174 INFO  (main) [   ] o.a.s.m.r.SolrJmxReporter JMX monitoring for 'solr.jetty' (registry 'solr.jetty') enabled at server: com.sun.jmx.mbeanserver.JmxMBeanServer@d86a6f
2020-04-23 11:39:25.280 INFO  (main) [   ] o.a.s.c.CorePropertiesLocator Found 1 core definitions underneath V:\Solr+Lucene\Solr\solr-8.5.0\solr-8.5.0\server\solr
2020-04-23 11:39:25.280 INFO  (main) [   ] o.a.s.c.CorePropertiesLocator Cores are: [SearchCovid]
2020-04-23 11:39:25.397 INFO  (coreLoadExecutor-9-thread-1) [   x:SearchCovid] o.a.s.c.SolrResourceLoader [SearchCovid] Added 7 libs to classloader, from paths: [/V:/Solr+Lucene/Solr/solr-8.5.0/solr-8.5.0/contrib/clustering/lib, /V:/Solr+Lucene/Solr/solr-8.5.0/solr-8.5.0/dist]
2020-04-23 11:39:25.657 INFO  (main) [   ] o.e.j.s.h.ContextHandler Started o.e.j.w.WebAppContext@1f2f9244{/solr,file:///V:/Solr+Lucene/Solr/solr-8.5.0/solr-8.5.0/server/solr-webapp/webapp/,AVAILABLE}{V:\Solr+Lucene\Solr\solr-8.5.0\solr-8.5.0\server/solr-webapp/webapp}
2020-04-23 11:39:25.715 INFO  (main) [   ] o.e.j.s.AbstractConnector Started ServerConnector@64b73e7a{HTTP/1.1,[http/1.1, h2c]}{0.0.0.0:8983}
2020-04-23 11:39:25.716 INFO  (main) [   ] o.e.j.s.Server Started @8205ms
2020-04-23 11:39:26.068 INFO  (coreLoadExecutor-9-thread-1) [   x:SearchCovid] o.a.s.c.SolrConfig Using Lucene MatchVersion: 8.5.0
2020-04-23 11:39:26.346 INFO  (coreLoadExecutor-9-thread-1) [   x:SearchCovid] o.a.s.s.IndexSchema [SearchCovid] Schema name=default-config
2020-04-23 11:39:26.549 INFO  (qtp1305935114-19) [   ] o.a.s.s.HttpSolrCall [admin] webapp=null path=/admin/info/system params={wt=json} status=0 QTime=205
2020-04-23 11:39:27.436 INFO  (coreLoadExecutor-9-thread-1) [   x:SearchCovid] o.a.s.s.IndexSchema Loaded schema default-config/1.6 with uniqueid field id
2020-04-23 11:39:27.493 INFO  (coreLoadExecutor-9-thread-1) [   x:SearchCovid] o.a.s.c.CoreContainer Creating SolrCore 'SearchCovid' using configuration from instancedir V:\Solr+Lucene\Solr\solr-8.5.0\solr-8.5.0\server\solr\SearchCovid, trusted=true
2020-04-23 11:39:27.559 INFO  (coreLoadExecutor-9-thread-1) [   x:SearchCovid] o.a.s.m.r.SolrJmxReporter JMX monitoring for 'solr.core.SearchCovid' (registry 'solr.core.SearchCovid') enabled at server: com.sun.jmx.mbeanserver.JmxMBeanServer@d86a6f
2020-04-23 11:39:27.594 INFO  (coreLoadExecutor-9-thread-1) [   x:SearchCovid] o.a.s.c.SolrCore [[SearchCovid] ] Opening new SolrCore at [V:\Solr+Lucene\Solr\solr-8.5.0\solr-8.5.0\server\solr\SearchCovid], dataDir=[V:\Solr+Lucene\Solr\solr-8.5.0\solr-8.5.0\server\solr\SearchCovid\data\]
2020-04-23 11:39:28.253 INFO  (coreLoadExecutor-9-thread-1) [   x:SearchCovid] o.a.s.u.UpdateHandler Using UpdateLog implementation: org.apache.solr.update.UpdateLog
2020-04-23 11:39:28.253 INFO  (coreLoadExecutor-9-thread-1) [   x:SearchCovid] o.a.s.u.UpdateLog Initializing UpdateLog: dataDir= defaultSyncLevel=FLUSH numRecordsToKeep=100 maxNumLogsToKeep=10 numVersionBuckets=65536
2020-04-23 11:39:28.557 INFO  (coreLoadExecutor-9-thread-1) [   x:SearchCovid] o.a.s.u.CommitTracker Hard AutoCommit: if uncommitted for 15000ms; 
2020-04-23 11:39:28.557 INFO  (coreLoadExecutor-9-thread-1) [   x:SearchCovid] o.a.s.u.CommitTracker Soft AutoCommit: disabled
2020-04-23 11:39:29.140 INFO  (coreLoadExecutor-9-thread-1) [   x:SearchCovid] o.a.s.s.SolrIndexSearcher Opening [Searcher@2d2d1d4a[SearchCovid] main]
2020-04-23 11:39:29.158 INFO  (coreLoadExecutor-9-thread-1) [   x:SearchCovid] o.a.s.r.ManagedResourceStorage File-based storage initialized to use dir: V:\Solr+Lucene\Solr\solr-8.5.0\solr-8.5.0\server\solr\SearchCovid\conf
2020-04-23 11:39:29.200 INFO  (coreLoadExecutor-9-thread-1) [   x:SearchCovid] o.a.s.h.c.ClusteringComponent Initializing Clustering Engines
2020-04-23 11:39:29.294 INFO  (coreLoadExecutor-9-thread-1) [   x:SearchCovid] o.a.s.h.c.c.CarrotClusteringEngine Initializing Clustering Engine 'lingo'
2020-04-23 11:39:29.309 INFO  (coreLoadExecutor-9-thread-1) [   x:SearchCovid] o.a.s.h.c.c.CarrotClusteringEngine Initializing Clustering Engine 'stc'
2020-04-23 11:39:29.310 INFO  (coreLoadExecutor-9-thread-1) [   x:SearchCovid] o.a.s.h.c.ClusteringComponent Default engine for search results clustering: lingo [CarrotClusteringEngine]
2020-04-23 11:39:29.310 WARN  (coreLoadExecutor-9-thread-1) [   x:SearchCovid] o.a.s.h.c.ClusteringComponent No default engine for document clustering.
2020-04-23 11:39:29.310 INFO  (coreLoadExecutor-9-thread-1) [   x:SearchCovid] o.a.s.h.c.ClusteringComponent Finished Initializing Clustering Engines
2020-04-23 11:39:29.310 INFO  (coreLoadExecutor-9-thread-1) [   x:SearchCovid] o.a.s.h.c.SpellCheckComponent Initializing spell checkers
2020-04-23 11:39:29.315 INFO  (coreLoadExecutor-9-thread-1) [   x:SearchCovid] o.a.s.s.DirectSolrSpellChecker init: {name=default,field=_text_,classname=solr.DirectSolrSpellChecker,distanceMeasure=internal,accuracy=0.5,maxEdits=2,minPrefix=1,maxInspections=5,minQueryLength=4,maxQueryFrequency=0.01}
2020-04-23 11:39:29.324 INFO  (coreLoadExecutor-9-thread-1) [   x:SearchCovid] o.a.s.h.ReplicationHandler Commits will be reserved for 10000ms.
2020-04-23 11:39:29.376 INFO  (searcherExecutor-10-thread-1-processing-x:SearchCovid) [   x:SearchCovid] o.a.s.c.QuerySenderListener QuerySenderListener sending requests to Searcher@2d2d1d4a[SearchCovid] main{ExitableDirectoryReader(UninvertingDirectoryReader(Uninverting(_3(8.5.0):C11199:[diagnostics={os=Windows 10, java.version=14, os.arch=amd64, java.runtime.version=14+36-1461, source=merge, os.version=10.0, java.vendor=Oracle Corporation, java.vm.version=14+36-1461, lucene.version=8.5.0, mergeMaxNumSegments=-1, mergeFactor=2, timestamp=1587457195012}]:[attributes={Lucene50StoredFieldsFormat.mode=BEST_SPEED}])))}
2020-04-23 11:39:29.376 INFO  (searcherExecutor-10-thread-1-processing-x:SearchCovid) [   x:SearchCovid] o.a.s.c.QuerySenderListener QuerySenderListener done.
2020-04-23 11:39:29.376 INFO  (searcherExecutor-10-thread-1-processing-x:SearchCovid) [   x:SearchCovid] o.a.s.h.c.SpellCheckComponent Loading spell index for spellchecker: default
2020-04-23 11:39:29.383 INFO  (searcherExecutor-10-thread-1-processing-x:SearchCovid) [   x:SearchCovid] o.a.s.c.SolrCore [SearchCovid] Registered new searcher Searcher@2d2d1d4a[SearchCovid] main{ExitableDirectoryReader(UninvertingDirectoryReader(Uninverting(_3(8.5.0):C11199:[diagnostics={os=Windows 10, java.version=14, os.arch=amd64, java.runtime.version=14+36-1461, source=merge, os.version=10.0, java.vendor=Oracle Corporation, java.vm.version=14+36-1461, lucene.version=8.5.0, mergeMaxNumSegments=-1, mergeFactor=2, timestamp=1587457195012}]:[attributes={Lucene50StoredFieldsFormat.mode=BEST_SPEED}])))}
2020-04-23 11:39:30.211 ERROR (qtp1305935114-20) [   x:SearchCovid] o.a.s.h.RequestHandlerBase org.apache.solr.common.SolrException: Can't determine a Sort Order (asc or desc) in sort spec 'favorite_count desc retweeted_count desc', pos=14
	at org.apache.solr.search.SortSpecParsing.parseSortSpecImpl(SortSpecParsing.java:173)
	at org.apache.solr.search.SortSpecParsing.parseSortSpec(SortSpecParsing.java:60)
	at org.apache.solr.search.QParser.getSortSpec(QParser.java:281)
	at org.apache.solr.handler.component.QueryComponent.prepare(QueryComponent.java:188)
	at org.apache.solr.handler.component.SearchHandler.handleRequestBody(SearchHandler.java:302)
	at org.apache.solr.handler.RequestHandlerBase.handleRequest(RequestHandlerBase.java:211)
	at org.apache.solr.core.SolrCore.execute(SolrCore.java:2596)
	at org.apache.solr.servlet.HttpSolrCall.execute(HttpSolrCall.java:802)
	at org.apache.solr.servlet.HttpSolrCall.call(HttpSolrCall.java:579)
	at org.apache.solr.servlet.SolrDispatchFilter.doFilter(SolrDispatchFilter.java:420)
	at org.apache.solr.servlet.SolrDispatchFilter.doFilter(SolrDispatchFilter.java:352)
	at org.eclipse.jetty.servlet.ServletHandler$CachedChain.doFilter(ServletHandler.java:1596)
	at org.eclipse.jetty.servlet.ServletHandler.doHandle(ServletHandler.java:545)
	at org.eclipse.jetty.server.handler.ScopedHandler.handle(ScopedHandler.java:143)
	at org.eclipse.jetty.security.SecurityHandler.handle(SecurityHandler.java:590)
	at org.eclipse.jetty.server.handler.HandlerWrapper.handle(HandlerWrapper.java:127)
	at org.eclipse.jetty.server.handler.ScopedHandler.nextHandle(ScopedHandler.java:235)
	at org.eclipse.jetty.server.session.SessionHandler.doHandle(SessionHandler.java:1607)
	at org.eclipse.jetty.server.handler.ScopedHandler.nextHandle(ScopedHandler.java:233)
	at org.eclipse.jetty.server.handler.ContextHandler.doHandle(ContextHandler.java:1297)
	at org.eclipse.jetty.server.handler.ScopedHandler.nextScope(ScopedHandler.java:188)
	at org.eclipse.jetty.servlet.ServletHandler.doScope(ServletHandler.java:485)
	at org.eclipse.jetty.server.session.SessionHandler.doScope(SessionHandler.java:1577)
	at org.eclipse.jetty.server.handler.ScopedHandler.nextScope(ScopedHandler.java:186)
	at org.eclipse.jetty.server.handler.ContextHandler.doScope(ContextHandler.java:1212)
	at org.eclipse.jetty.server.handler.ScopedHandler.handle(ScopedHandler.java:141)
	at org.eclipse.jetty.server.handler.ContextHandlerCollection.handle(ContextHandlerCollection.java:221)
	at org.eclipse.jetty.server.handler.InetAccessHandler.handle(InetAccessHandler.java:177)
	at org.eclipse.jetty.server.handler.HandlerCollection.handle(HandlerCollection.java:146)
	at org.eclipse.jetty.server.handler.HandlerWrapper.handle(HandlerWrapper.java:127)
	at org.eclipse.jetty.rewrite.handler.RewriteHandler.handle(RewriteHandler.java:322)
	at org.eclipse.jetty.server.handler.HandlerWrapper.handle(HandlerWrapper.java:127)
	at org.eclipse.jetty.server.Server.handle(Server.java:500)
	at org.eclipse.jetty.server.HttpChannel.lambda$handle$1(HttpChannel.java:383)
	at org.eclipse.jetty.server.HttpChannel.dispatch(HttpChannel.java:547)
	at org.eclipse.jetty.server.HttpChannel.handle(HttpChannel.java:375)
	at org.eclipse.jetty.server.HttpConnection.onFillable(HttpConnection.java:270)
	at org.eclipse.jetty.io.AbstractConnection$ReadCallback.succeeded(AbstractConnection.java:311)
	at org.eclipse.jetty.io.FillInterest.fillable(FillInterest.java:103)
	at org.eclipse.jetty.io.ChannelEndPoint$2.run(ChannelEndPoint.java:117)
	at org.eclipse.jetty.util.thread.strategy.EatWhatYouKill.runTask(EatWhatYouKill.java:336)
	at org.eclipse.jetty.util.thread.strategy.EatWhatYouKill.doProduce(EatWhatYouKill.java:313)
	at org.eclipse.jetty.util.thread.strategy.EatWhatYouKill.tryProduce(EatWhatYouKill.java:171)
	at org.eclipse.jetty.util.thread.strategy.EatWhatYouKill.produce(EatWhatYouKill.java:135)
	at org.eclipse.jetty.util.thread.QueuedThreadPool.runJob(QueuedThreadPool.java:806)
	at org.eclipse.jetty.util.thread.QueuedThreadPool$Runner.run(QueuedThreadPool.java:938)
	at java.base/java.lang.Thread.run(Thread.java:832)

2020-04-23 11:39:30.212 INFO  (qtp1305935114-20) [   x:SearchCovid] o.a.s.c.S.Request [SearchCovid]  webapp=/solr path=/select params={q=coronavirus&facet.field=polarity&sort=favorite_count+desc+retweeted_count+desc&rows=10&facet=on&_=1587457282624} status=400 QTime=77
2020-04-23 11:39:32.131 ERROR (qtp1305935114-26) [   x:SearchCovid] o.a.s.h.RequestHandlerBase org.apache.solr.common.SolrException: Can't determine a Sort Order (asc or desc) in sort spec 'favorite_count desc retweeted_count desc', pos=14
	at org.apache.solr.search.SortSpecParsing.parseSortSpecImpl(SortSpecParsing.java:173)
	at org.apache.solr.search.SortSpecParsing.parseSortSpec(SortSpecParsing.java:60)
	at org.apache.solr.search.QParser.getSortSpec(QParser.java:281)
	at org.apache.solr.handler.component.QueryComponent.prepare(QueryComponent.java:188)
	at org.apache.solr.handler.component.SearchHandler.handleRequestBody(SearchHandler.java:302)
	at org.apache.solr.handler.RequestHandlerBase.handleRequest(RequestHandlerBase.java:211)
	at org.apache.solr.core.SolrCore.execute(SolrCore.java:2596)
	at org.apache.solr.servlet.HttpSolrCall.execute(HttpSolrCall.java:802)
	at org.apache.solr.servlet.HttpSolrCall.call(HttpSolrCall.java:579)
	at org.apache.solr.servlet.SolrDispatchFilter.doFilter(SolrDispatchFilter.java:420)
	at org.apache.solr.servlet.SolrDispatchFilter.doFilter(SolrDispatchFilter.java:352)
	at org.eclipse.jetty.servlet.ServletHandler$CachedChain.doFilter(ServletHandler.java:1596)
	at org.eclipse.jetty.servlet.ServletHandler.doHandle(ServletHandler.java:545)
	at org.eclipse.jetty.server.handler.ScopedHandler.handle(ScopedHandler.java:143)
	at org.eclipse.jetty.security.SecurityHandler.handle(SecurityHandler.java:590)
	at org.eclipse.jetty.server.handler.HandlerWrapper.handle(HandlerWrapper.java:127)
	at org.eclipse.jetty.server.handler.ScopedHandler.nextHandle(ScopedHandler.java:235)
	at org.eclipse.jetty.server.session.SessionHandler.doHandle(SessionHandler.java:1607)
	at org.eclipse.jetty.server.handler.ScopedHandler.nextHandle(ScopedHandler.java:233)
	at org.eclipse.jetty.server.handler.ContextHandler.doHandle(ContextHandler.java:1297)
	at org.eclipse.jetty.server.handler.ScopedHandler.nextScope(ScopedHandler.java:188)
	at org.eclipse.jetty.servlet.ServletHandler.doScope(ServletHandler.java:485)
	at org.eclipse.jetty.server.session.SessionHandler.doScope(SessionHandler.java:1577)
	at org.eclipse.jetty.server.handler.ScopedHandler.nextScope(ScopedHandler.java:186)
	at org.eclipse.jetty.server.handler.ContextHandler.doScope(ContextHandler.java:1212)
	at org.eclipse.jetty.server.handler.ScopedHandler.handle(ScopedHandler.java:141)
	at org.eclipse.jetty.server.handler.ContextHandlerCollection.handle(ContextHandlerCollection.java:221)
	at org.eclipse.jetty.server.handler.InetAccessHandler.handle(InetAccessHandler.java:177)
	at org.eclipse.jetty.server.handler.HandlerCollection.handle(HandlerCollection.java:146)
	at org.eclipse.jetty.server.handler.HandlerWrapper.handle(HandlerWrapper.java:127)
	at org.eclipse.jetty.rewrite.handler.RewriteHandler.handle(RewriteHandler.java:322)
	at org.eclipse.jetty.server.handler.HandlerWrapper.handle(HandlerWrapper.java:127)
	at org.eclipse.jetty.server.Server.handle(Server.java:500)
	at org.eclipse.jetty.server.HttpChannel.lambda$handle$1(HttpChannel.java:383)
	at org.eclipse.jetty.server.HttpChannel.dispatch(HttpChannel.java:547)
	at org.eclipse.jetty.server.HttpChannel.handle(HttpChannel.java:375)
	at org.eclipse.jetty.server.HttpConnection.onFillable(HttpConnection.java:270)
	at org.eclipse.jetty.io.AbstractConnection$ReadCallback.succeeded(AbstractConnection.java:311)
	at org.eclipse.jetty.io.FillInterest.fillable(FillInterest.java:103)
	at org.eclipse.jetty.io.ChannelEndPoint$2.run(ChannelEndPoint.java:117)
	at org.eclipse.jetty.util.thread.strategy.EatWhatYouKill.runTask(EatWhatYouKill.java:336)
	at org.eclipse.jetty.util.thread.strategy.EatWhatYouKill.doProduce(EatWhatYouKill.java:313)
	at org.eclipse.jetty.util.thread.strategy.EatWhatYouKill.tryProduce(EatWhatYouKill.java:171)
	at org.eclipse.jetty.util.thread.strategy.EatWhatYouKill.run(EatWhatYouKill.java:129)
	at org.eclipse.jetty.util.thread.ReservedThreadExecutor$ReservedThread.run(ReservedThreadExecutor.java:388)
	at org.eclipse.jetty.util.thread.QueuedThreadPool.runJob(QueuedThreadPool.java:806)
	at org.eclipse.jetty.util.thread.QueuedThreadPool$Runner.run(QueuedThreadPool.java:938)
	at java.base/java.lang.Thread.run(Thread.java:832)

2020-04-23 11:39:32.131 INFO  (qtp1305935114-26) [   x:SearchCovid] o.a.s.c.S.Request [SearchCovid]  webapp=/solr path=/select params={q=coronavirus&sort=favorite_count+desc+retweeted_count+desc&rows=10&_=1587457282624} status=400 QTime=1
2020-04-23 11:39:47.952 ERROR (qtp1305935114-19) [   x:SearchCovid] o.a.s.h.RequestHandlerBase org.apache.solr.common.SolrException: Can't determine a Sort Order (asc or desc) in sort spec 'favorite_count desc retweeted_count desc', pos=14
	at org.apache.solr.search.SortSpecParsing.parseSortSpecImpl(SortSpecParsing.java:173)
	at org.apache.solr.search.SortSpecParsing.parseSortSpec(SortSpecParsing.java:60)
	at org.apache.solr.search.QParser.getSortSpec(QParser.java:281)
	at org.apache.solr.handler.component.QueryComponent.prepare(QueryComponent.java:188)
	at org.apache.solr.handler.component.SearchHandler.handleRequestBody(SearchHandler.java:302)
	at org.apache.solr.handler.RequestHandlerBase.handleRequest(RequestHandlerBase.java:211)
	at org.apache.solr.core.SolrCore.execute(SolrCore.java:2596)
	at org.apache.solr.servlet.HttpSolrCall.execute(HttpSolrCall.java:802)
	at org.apache.solr.servlet.HttpSolrCall.call(HttpSolrCall.java:579)
	at org.apache.solr.servlet.SolrDispatchFilter.doFilter(SolrDispatchFilter.java:420)
	at org.apache.solr.servlet.SolrDispatchFilter.doFilter(SolrDispatchFilter.java:352)
	at org.eclipse.jetty.servlet.ServletHandler$CachedChain.doFilter(ServletHandler.java:1596)
	at org.eclipse.jetty.servlet.ServletHandler.doHandle(ServletHandler.java:545)
	at org.eclipse.jetty.server.handler.ScopedHandler.handle(ScopedHandler.java:143)
	at org.eclipse.jetty.security.SecurityHandler.handle(SecurityHandler.java:590)
	at org.eclipse.jetty.server.handler.HandlerWrapper.handle(HandlerWrapper.java:127)
	at org.eclipse.jetty.server.handler.ScopedHandler.nextHandle(ScopedHandler.java:235)
	at org.eclipse.jetty.server.session.SessionHandler.doHandle(SessionHandler.java:1607)
	at org.eclipse.jetty.server.handler.ScopedHandler.nextHandle(ScopedHandler.java:233)
	at org.eclipse.jetty.server.handler.ContextHandler.doHandle(ContextHandler.java:1297)
	at org.eclipse.jetty.server.handler.ScopedHandler.nextScope(ScopedHandler.java:188)
	at org.eclipse.jetty.servlet.ServletHandler.doScope(ServletHandler.java:485)
	at org.eclipse.jetty.server.session.SessionHandler.doScope(SessionHandler.java:1577)
	at org.eclipse.jetty.server.handler.ScopedHandler.nextScope(ScopedHandler.java:186)
	at org.eclipse.jetty.server.handler.ContextHandler.doScope(ContextHandler.java:1212)
	at org.eclipse.jetty.server.handler.ScopedHandler.handle(ScopedHandler.java:141)
	at org.eclipse.jetty.server.handler.ContextHandlerCollection.handle(ContextHandlerCollection.java:221)
	at org.eclipse.jetty.server.handler.InetAccessHandler.handle(InetAccessHandler.java:177)
	at org.eclipse.jetty.server.handler.HandlerCollection.handle(HandlerCollection.java:146)
	at org.eclipse.jetty.server.handler.HandlerWrapper.handle(HandlerWrapper.java:127)
	at org.eclipse.jetty.rewrite.handler.RewriteHandler.handle(RewriteHandler.java:322)
	at org.eclipse.jetty.server.handler.HandlerWrapper.handle(HandlerWrapper.java:127)
	at org.eclipse.jetty.server.Server.handle(Server.java:500)
	at org.eclipse.jetty.server.HttpChannel.lambda$handle$1(HttpChannel.java:383)
	at org.eclipse.jetty.server.HttpChannel.dispatch(HttpChannel.java:547)
	at org.eclipse.jetty.server.HttpChannel.handle(HttpChannel.java:375)
	at org.eclipse.jetty.server.HttpConnection.onFillable(HttpConnection.java:270)
	at org.eclipse.jetty.io.AbstractConnection$ReadCallback.succeeded(AbstractConnection.java:311)
	at org.eclipse.jetty.io.FillInterest.fillable(FillInterest.java:103)
	at org.eclipse.jetty.io.ChannelEndPoint$2.run(ChannelEndPoint.java:117)
	at org.eclipse.jetty.util.thread.strategy.EatWhatYouKill.runTask(EatWhatYouKill.java:336)
	at org.eclipse.jetty.util.thread.strategy.EatWhatYouKill.doProduce(EatWhatYouKill.java:313)
	at org.eclipse.jetty.util.thread.strategy.EatWhatYouKill.tryProduce(EatWhatYouKill.java:171)
	at org.eclipse.jetty.util.thread.strategy.EatWhatYouKill.run(EatWhatYouKill.java:129)
	at org.eclipse.jetty.util.thread.ReservedThreadExecutor$ReservedThread.run(ReservedThreadExecutor.java:388)
	at org.eclipse.jetty.util.thread.QueuedThreadPool.runJob(QueuedThreadPool.java:806)
	at org.eclipse.jetty.util.thread.QueuedThreadPool$Runner.run(QueuedThreadPool.java:938)
	at java.base/java.lang.Thread.run(Thread.java:832)

2020-04-23 11:39:47.952 INFO  (qtp1305935114-19) [   x:SearchCovid] o.a.s.c.S.Request [SearchCovid]  webapp=/solr path=/select params={q=coronavirus&sort=favorite_count+desc+retweeted_count+desc&rows=10&_=1587457282624} status=400 QTime=1
2020-04-23 11:40:14.398 INFO  (qtp1305935114-26) [   x:SearchCovid] o.a.s.c.S.Request [SearchCovid]  webapp=/solr path=/select params={q=coronavirus&sort=favorite_count+desc,retweeted_count+desc&rows=10&_=1587457282624} hits=4752 status=0 QTime=133
2020-04-23 11:40:16.387 INFO  (qtp1305935114-19) [   x:SearchCovid] o.a.s.c.S.Request [SearchCovid]  webapp=/solr path=/select params={q=coronavirus&sort=favorite_count+desc,retweeted_count+desc&rows=10} hits=4752 status=0 QTime=0
2020-04-23 11:40:47.446 INFO  (qtp1305935114-26) [   ] o.a.s.s.HttpSolrCall [admin] webapp=null path=/admin/cores params={indexInfo=false&wt=json&_=1587642047355} status=0 QTime=1
2020-04-23 11:40:47.509 INFO  (qtp1305935114-18) [   ] o.a.s.s.HttpSolrCall [admin] webapp=null path=/admin/info/system params={wt=json&_=1587642047356} status=0 QTime=63
2020-04-23 11:41:15.732 INFO  (qtp1305935114-27) [   x:SearchCovid] o.a.s.c.S.Request [SearchCovid]  webapp=/solr path=/select params={q=Donald+Trump+Coronavirus&fq=created_at:[NOW-24HOURS+TO+NOW]&_=1587642047419} hits=0 status=0 QTime=127
2020-04-23 11:41:17.270 INFO  (qtp1305935114-26) [   x:SearchCovid] o.a.s.c.S.Request [SearchCovid]  webapp=/solr path=/select params={q=Donald+Trump+Coronavirus&fq=created_at:[NOW-24HOURS+TO+NOW]} hits=0 status=0 QTime=7
2020-04-23 13:03:35.547 INFO  (qtp1305935114-43) [   ] o.a.s.s.HttpSolrCall [admin] webapp=null path=/admin/cores params={indexInfo=false&wt=json&_=1587543418152} status=0 QTime=6
2020-04-23 13:03:35.613 INFO  (qtp1305935114-20) [   ] o.a.s.s.HttpSolrCall [admin] webapp=null path=/admin/info/system params={wt=json&_=1587543418153} status=0 QTime=73
2020-04-23 13:04:51.924 ERROR (qtp1305935114-25) [   x:SearchCovid] o.a.s.h.RequestHandlerBase org.apache.solr.common.SolrException: undefined field: "geolocation"
	at org.apache.solr.schema.IndexSchema.getField(IndexSchema.java:1250)
	at org.apache.solr.request.SimpleFacets.getTermCounts(SimpleFacets.java:465)
	at org.apache.solr.request.SimpleFacets.getTermCounts(SimpleFacets.java:428)
	at org.apache.solr.request.SimpleFacets.lambda$getFacetFieldCounts$0(SimpleFacets.java:833)
	at java.base/java.util.concurrent.FutureTask.run(FutureTask.java:264)
	at org.apache.solr.request.SimpleFacets$3.execute(SimpleFacets.java:778)
	at org.apache.solr.request.SimpleFacets.getFacetFieldCounts(SimpleFacets.java:852)
	at org.apache.solr.handler.component.FacetComponent.getFacetCounts(FacetComponent.java:330)
	at org.apache.solr.handler.component.FacetComponent.process(FacetComponent.java:274)
	at org.apache.solr.handler.component.SearchHandler.handleRequestBody(SearchHandler.java:328)
	at org.apache.solr.handler.RequestHandlerBase.handleRequest(RequestHandlerBase.java:211)
	at org.apache.solr.core.SolrCore.execute(SolrCore.java:2596)
	at org.apache.solr.servlet.HttpSolrCall.execute(HttpSolrCall.java:802)
	at org.apache.solr.servlet.HttpSolrCall.call(HttpSolrCall.java:579)
	at org.apache.solr.servlet.SolrDispatchFilter.doFilter(SolrDispatchFilter.java:420)
	at org.apache.solr.servlet.SolrDispatchFilter.doFilter(SolrDispatchFilter.java:352)
	at org.eclipse.jetty.servlet.ServletHandler$CachedChain.doFilter(ServletHandler.java:1596)
	at org.eclipse.jetty.servlet.ServletHandler.doHandle(ServletHandler.java:545)
	at org.eclipse.jetty.server.handler.ScopedHandler.handle(ScopedHandler.java:143)
	at org.eclipse.jetty.security.SecurityHandler.handle(SecurityHandler.java:590)
	at org.eclipse.jetty.server.handler.HandlerWrapper.handle(HandlerWrapper.java:127)
	at org.eclipse.jetty.server.handler.ScopedHandler.nextHandle(ScopedHandler.java:235)
	at org.eclipse.jetty.server.session.SessionHandler.doHandle(SessionHandler.java:1607)
	at org.eclipse.jetty.server.handler.ScopedHandler.nextHandle(ScopedHandler.java:233)
	at org.eclipse.jetty.server.handler.ContextHandler.doHandle(ContextHandler.java:1297)
	at org.eclipse.jetty.server.handler.ScopedHandler.nextScope(ScopedHandler.java:188)
	at org.eclipse.jetty.servlet.ServletHandler.doScope(ServletHandler.java:485)
	at org.eclipse.jetty.server.session.SessionHandler.doScope(SessionHandler.java:1577)
	at org.eclipse.jetty.server.handler.ScopedHandler.nextScope(ScopedHandler.java:186)
	at org.eclipse.jetty.server.handler.ContextHandler.doScope(ContextHandler.java:1212)
	at org.eclipse.jetty.server.handler.ScopedHandler.handle(ScopedHandler.java:141)
	at org.eclipse.jetty.server.handler.ContextHandlerCollection.handle(ContextHandlerCollection.java:221)
	at org.eclipse.jetty.server.handler.InetAccessHandler.handle(InetAccessHandler.java:177)
	at org.eclipse.jetty.server.handler.HandlerCollection.handle(HandlerCollection.java:146)
	at org.eclipse.jetty.server.handler.HandlerWrapper.handle(HandlerWrapper.java:127)
	at org.eclipse.jetty.rewrite.handler.RewriteHandler.handle(RewriteHandler.java:322)
	at org.eclipse.jetty.server.handler.HandlerWrapper.handle(HandlerWrapper.java:127)
	at org.eclipse.jetty.server.Server.handle(Server.java:500)
	at org.eclipse.jetty.server.HttpChannel.lambda$handle$1(HttpChannel.java:383)
	at org.eclipse.jetty.server.HttpChannel.dispatch(HttpChannel.java:547)
	at org.eclipse.jetty.server.HttpChannel.handle(HttpChannel.java:375)
	at org.eclipse.jetty.server.HttpConnection.onFillable(HttpConnection.java:270)
	at org.eclipse.jetty.io.AbstractConnection$ReadCallback.succeeded(AbstractConnection.java:311)
	at org.eclipse.jetty.io.FillInterest.fillable(FillInterest.java:103)
	at org.eclipse.jetty.io.ChannelEndPoint$2.run(ChannelEndPoint.java:117)
	at org.eclipse.jetty.util.thread.strategy.EatWhatYouKill.runTask(EatWhatYouKill.java:336)
	at org.eclipse.jetty.util.thread.strategy.EatWhatYouKill.doProduce(EatWhatYouKill.java:313)
	at org.eclipse.jetty.util.thread.strategy.EatWhatYouKill.tryProduce(EatWhatYouKill.java:171)
	at org.eclipse.jetty.util.thread.strategy.EatWhatYouKill.run(EatWhatYouKill.java:129)
	at org.eclipse.jetty.util.thread.ReservedThreadExecutor$ReservedThread.run(ReservedThreadExecutor.java:388)
	at org.eclipse.jetty.util.thread.QueuedThreadPool.runJob(QueuedThreadPool.java:806)
	at org.eclipse.jetty.util.thread.QueuedThreadPool$Runner.run(QueuedThreadPool.java:938)
	at java.base/java.lang.Thread.run(Thread.java:832)

2020-04-23 13:04:51.925 INFO  (qtp1305935114-25) [   x:SearchCovid] o.a.s.c.S.Request [SearchCovid]  webapp=/solr path=/select params={q=*:*&facet.field=geolocation&rows=10&facet=on&_=1587647015486} hits=11199 status=400 QTime=127
2020-04-23 13:17:24.761 INFO  (qtp1305935114-23) [   x:SearchCovid] o.a.s.c.S.Request [SearchCovid]  webapp=/solr path=/admin/ping params={} hits=11199 status=0 QTime=19
2020-04-23 13:17:24.762 INFO  (qtp1305935114-23) [   x:SearchCovid] o.a.s.c.S.Request [SearchCovid]  webapp=/solr path=/admin/ping params={} status=0 QTime=19
2020-04-23 13:17:24.889 INFO  (qtp1305935114-27) [   x:SearchCovid] o.a.s.c.S.Request [SearchCovid]  webapp=/solr path=/select params={q=full_text:coronavirus||testing+user.screen_name:coronavirus||testing&q=q%3Dfull_text%253Acoronavirus||testing%2520user.screen_name%253Acoronavirus||testing%26start%3D0%26rows%3D10&start=0&sort=favorite_count+desc,retweeted_count+desc&fq=&fq=&fq=&rows=10&params=%26sort%3Dfavorite_count%2520desc,retweeted_count%2520desc%26fq%3D%26fq%3D%26fq%3D%26wt%3Djson&wt=json} hits=6291 status=0 QTime=73
2020-04-23 13:26:14.061 INFO  (qtp1305935114-25) [   x:SearchCovid] o.a.s.c.S.Request [SearchCovid]  webapp=/solr path=/select params={q=*:*&facet.field=user.user_location&rows=10&facet=on&_=1587647015486} hits=11199 status=0 QTime=118
2020-04-23 13:32:08.205 INFO  (qtp1305935114-23) [   x:SearchCovid] o.a.s.c.S.Request [SearchCovid]  webapp=/solr path=/select params={q=*:*&facet.field=user.name&rows=10&facet=on&_=1587647015486} hits=11199 status=0 QTime=79
2020-04-23 13:34:23.535 INFO  (qtp1305935114-19) [   ] o.a.s.s.HttpSolrCall [admin] webapp=null path=/admin/cores params={indexInfo=false&wt=json&_=1587543418152} status=0 QTime=0
2020-04-23 13:34:23.549 INFO  (qtp1305935114-18) [   x:SearchCovid] o.a.s.c.S.Request [SearchCovid]  webapp=/solr path=/config params={wt=json&_=1587543418224} status=0 QTime=11
2020-04-23 13:34:23.588 INFO  (qtp1305935114-21) [   x:SearchCovid] o.a.s.c.S.Request [SearchCovid]  webapp=/solr path=/admin/luke params={show=schema&wt=json&_=1587543418223} status=0 QTime=50
2020-04-23 13:34:23.596 INFO  (qtp1305935114-27) [   ] o.a.s.s.HttpSolrCall [admin] webapp=null path=/admin/info/system params={wt=json&_=1587543418153} status=0 QTime=60
2020-04-23 13:34:23.715 INFO  (qtp1305935114-19) [   x:SearchCovid] o.a.s.c.S.Request [SearchCovid]  webapp=/solr path=/admin/luke params={numTerms=0&wt=json&_=1587543418223} status=0 QTime=100
2020-04-23 13:34:29.486 INFO  (qtp1305935114-21) [   ] o.a.s.s.HttpSolrCall [admin] webapp=null path=/admin/cores params={indexInfo=false&wt=json&_=1587543418152} status=0 QTime=0
2020-04-23 13:34:29.488 INFO  (qtp1305935114-24) [   x:SearchCovid] o.a.s.c.S.Request [SearchCovid]  webapp=/solr path=/config params={wt=json&_=1587543418224} status=0 QTime=0
2020-04-23 13:34:29.490 INFO  (qtp1305935114-43) [   x:SearchCovid] o.a.s.c.S.Request [SearchCovid]  webapp=/solr path=/admin/luke params={show=schema&wt=json&_=1587543418223} status=0 QTime=2
2020-04-23 13:34:29.536 INFO  (qtp1305935114-18) [   x:SearchCovid] o.a.s.c.S.Request [SearchCovid]  webapp=/solr path=/admin/luke params={numTerms=0&wt=json&_=1587543418223} status=0 QTime=6
2020-04-23 13:34:29.548 INFO  (qtp1305935114-25) [   ] o.a.s.s.HttpSolrCall [admin] webapp=null path=/admin/info/system params={wt=json&_=1587543418153} status=0 QTime=63
2020-04-23 13:34:35.965 INFO  (qtp1305935114-27) [   ] o.a.s.s.HttpSolrCall [admin] webapp=null path=/admin/cores params={indexInfo=false&wt=json&_=1587543418152} status=0 QTime=0
2020-04-23 13:34:35.969 INFO  (qtp1305935114-19) [   x:SearchCovid] o.a.s.c.S.Request [SearchCovid]  webapp=/solr path=/config params={wt=json&_=1587543418224} status=0 QTime=0
2020-04-23 13:34:35.970 INFO  (qtp1305935114-21) [   x:SearchCovid] o.a.s.c.S.Request [SearchCovid]  webapp=/solr path=/admin/luke params={show=schema&wt=json&_=1587543418223} status=0 QTime=2
2020-04-23 13:34:36.016 INFO  (qtp1305935114-27) [   x:SearchCovid] o.a.s.c.S.Request [SearchCovid]  webapp=/solr path=/admin/luke params={numTerms=0&wt=json&_=1587543418223} status=0 QTime=5
2020-04-23 13:34:36.025 INFO  (qtp1305935114-43) [   ] o.a.s.s.HttpSolrCall [admin] webapp=null path=/admin/info/system params={wt=json&_=1587543418153} status=0 QTime=59
2020-04-23 13:35:08.026 INFO  (qtp1305935114-18) [   ] o.a.s.s.HttpSolrCall [admin] webapp=null path=/admin/cores params={indexInfo=false&wt=json&_=1587543418152} status=0 QTime=0
2020-04-23 13:35:08.030 INFO  (qtp1305935114-25) [   x:SearchCovid] o.a.s.c.S.Request [SearchCovid]  webapp=/solr path=/config params={wt=json&_=1587543418224} status=0 QTime=0
2020-04-23 13:35:08.032 INFO  (qtp1305935114-24) [   x:SearchCovid] o.a.s.c.S.Request [SearchCovid]  webapp=/solr path=/admin/luke params={show=schema&wt=json&_=1587543418223} status=0 QTime=2
2020-04-23 13:35:08.079 INFO  (qtp1305935114-18) [   x:SearchCovid] o.a.s.c.S.Request [SearchCovid]  webapp=/solr path=/admin/luke params={numTerms=0&wt=json&_=1587543418223} status=0 QTime=5
2020-04-23 13:35:08.097 INFO  (qtp1305935114-21) [   ] o.a.s.s.HttpSolrCall [admin] webapp=null path=/admin/info/system params={wt=json&_=1587543418153} status=0 QTime=71
2020-04-23 13:40:16.080 INFO  (qtp1305935114-27) [   ] o.a.s.s.HttpSolrCall [admin] webapp=null path=/admin/cores params={indexInfo=false&wt=json&_=1587543418152} status=0 QTime=0
2020-04-23 13:40:16.084 INFO  (qtp1305935114-24) [   x:SearchCovid] o.a.s.c.S.Request [SearchCovid]  webapp=/solr path=/admin/luke params={show=schema&wt=json&_=1587543418223} status=0 QTime=3
2020-04-23 13:40:16.084 INFO  (qtp1305935114-25) [   x:SearchCovid] o.a.s.c.S.Request [SearchCovid]  webapp=/solr path=/config params={wt=json&_=1587543418224} status=0 QTime=1
2020-04-23 13:40:16.133 INFO  (qtp1305935114-21) [   x:SearchCovid] o.a.s.c.S.Request [SearchCovid]  webapp=/solr path=/admin/luke params={numTerms=0&wt=json&_=1587543418223} status=0 QTime=4
2020-04-23 13:40:16.138 INFO  (qtp1305935114-44) [   ] o.a.s.s.HttpSolrCall [admin] webapp=null path=/admin/info/system params={wt=json&_=1587543418153} status=0 QTime=59
2020-04-23 13:41:50.405 INFO  (qtp1305935114-43) [   ] o.a.s.s.HttpSolrCall [admin] webapp=null path=/admin/cores params={indexInfo=false&wt=json&_=1587543418152} status=0 QTime=0
2020-04-23 13:41:50.407 INFO  (qtp1305935114-23) [   x:SearchCovid] o.a.s.c.S.Request [SearchCovid]  webapp=/solr path=/config params={wt=json&_=1587543418224} status=0 QTime=1
2020-04-23 13:41:50.408 INFO  (qtp1305935114-27) [   x:SearchCovid] o.a.s.c.S.Request [SearchCovid]  webapp=/solr path=/admin/luke params={show=schema&wt=json&_=1587543418223} status=0 QTime=2
2020-04-23 13:41:50.452 INFO  (qtp1305935114-25) [   x:SearchCovid] o.a.s.c.S.Request [SearchCovid]  webapp=/solr path=/admin/luke params={numTerms=0&wt=json&_=1587543418223} status=0 QTime=5
2020-04-23 13:41:50.463 INFO  (qtp1305935114-24) [   ] o.a.s.s.HttpSolrCall [admin] webapp=null path=/admin/info/system params={wt=json&_=1587543418153} status=0 QTime=58
2020-04-23 13:45:46.506 INFO  (qtp1305935114-46) [   ] o.a.s.s.HttpSolrCall [admin] webapp=null path=/admin/cores params={indexInfo=false&wt=json&_=1587543418152} status=0 QTime=0
2020-04-23 13:45:46.560 INFO  (qtp1305935114-19) [   ] o.a.s.s.HttpSolrCall [admin] webapp=null path=/admin/info/system params={wt=json&_=1587543418153} status=0 QTime=53
2020-04-23 13:45:51.993 INFO  (qtp1305935114-21) [   x:SearchCovid] o.a.s.c.S.Request [SearchCovid]  webapp=/solr path=/select params={q=*:*&rows=10&_=1587647015486} hits=11199 status=0 QTime=0
2020-04-23 13:48:06.139 INFO  (qtp1305935114-44) [   x:SearchCovid] o.a.s.c.S.Request [SearchCovid]  webapp=/solr path=/select params={q=*:*&facet.field=entities.hashtags&rows=10&facet=on&_=1587647015486} hits=11199 status=0 QTime=5
2020-04-23 13:53:19.335 INFO  (qtp1305935114-27) [   x:SearchCovid] o.a.s.c.S.Request [SearchCovid]  webapp=/solr path=/select params={q=*:*&facet.field=polarity&rows=10&facet=on&_=1587647015486} hits=11199 status=0 QTime=12
2020-04-23 13:53:40.785 INFO  (qtp1305935114-44) [   x:SearchCovid] o.a.s.c.S.Request [SearchCovid]  webapp=/solr path=/select params={q=*:*&facet.field=full_text&rows=10&facet=on&_=1587647015486} hits=11199 status=0 QTime=99
2020-04-23 14:04:12.991 INFO  (qtp1305935114-21) [   x:SearchCovid] o.a.s.c.S.Request [SearchCovid]  webapp=/solr path=/admin/ping params={} hits=11199 status=0 QTime=6
2020-04-23 14:04:12.991 INFO  (qtp1305935114-21) [   x:SearchCovid] o.a.s.c.S.Request [SearchCovid]  webapp=/solr path=/admin/ping params={} status=0 QTime=6
2020-04-23 14:04:14.121 INFO  (qtp1305935114-43) [   x:SearchCovid] o.a.s.c.S.Request [SearchCovid]  webapp=/solr path=/clustering params={q=full_text:coronavirus+user.screen_name:coronavirus&q=q%3Dfull_text%253Acoronavirus%2520user.screen_name%253Acoronavirus%26start%3D0%26rows%3D100&start=0&fq=&fq=&fq=polarity:positive&rows=100&params=%26fq%3D%26fq%3D%26fq%3Dpolarity%253Apositive%26wt%3Djson&wt=json} hits=2865 status=0 QTime=1114
2020-04-23 14:15:24.371 INFO  (qtp1305935114-43) [   x:SearchCovid] o.a.s.c.S.Request [SearchCovid]  webapp=/solr path=/admin/ping params={} hits=11199 status=0 QTime=12
2020-04-23 14:15:24.371 INFO  (qtp1305935114-43) [   x:SearchCovid] o.a.s.c.S.Request [SearchCovid]  webapp=/solr path=/admin/ping params={} status=0 QTime=12
2020-04-23 14:15:24.690 INFO  (qtp1305935114-49) [   x:SearchCovid] o.a.s.c.S.Request [SearchCovid]  webapp=/solr path=/clustering params={q=full_text:coronavirus+user.screen_name:coronavirus&q=q%3Dfull_text%253Acoronavirus%2520user.screen_name%253Acoronavirus%26start%3D0%26rows%3D100&start=0&sort=favorite_count+desc,retweeted_count+desc&fq=&fq=&fq=&rows=100&params=%26sort%3Dfavorite_count%2520desc,retweeted_count%2520desc%26fq%3D%26fq%3D%26fq%3D%26wt%3Djson&wt=json} hits=5370 status=0 QTime=289
2020-04-23 14:15:36.404 INFO  (qtp1305935114-44) [   x:SearchCovid] o.a.s.c.S.Request [SearchCovid]  webapp=/solr path=/clustering params={q=full_text:coronavirus+user.screen_name:coronavirus&start=0&sort=favorite_count+desc,retweeted_count+desc&fq=&fq=&fq=&rows=100&wt=json} hits=5370 status=0 QTime=209
2020-04-23 14:16:15.564 INFO  (qtp1305935114-49) [   x:SearchCovid] o.a.s.c.S.Request [SearchCovid]  webapp=/solr path=/clustering params={q=full_text:coronavirus+user.screen_name:coronavirus&start=0&sort=favorite_count+desc,retweeted_count+desc&fq=&fq=&fq=&wt=json} hits=5370 status=0 QTime=215
2020-04-23 14:22:04.283 INFO  (qtp1305935114-23) [   x:SearchCovid] o.a.s.c.S.Request [SearchCovid]  webapp=/solr path=/clustering params={q=full_text:coronavirus+user.screen_name:coronavirus&start=0&sort=favorite_count+desc,retweeted_count+desc&fq=&fq=&fq=&rows=100&wt=json} hits=5370 status=0 QTime=165
2020-04-23 14:22:04.482 INFO  (qtp1305935114-27) [   x:SearchCovid] o.a.s.c.S.Request [SearchCovid]  webapp=/solr path=/clustering params={q=full_text:coronavirus+user.screen_name:coronavirus&start=0&sort=favorite_count+desc,retweeted_count+desc&fq=&fq=&fq=&rows=100&wt=json} hits=5370 status=0 QTime=172
2020-04-23 14:22:05.166 INFO  (qtp1305935114-49) [   x:SearchCovid] o.a.s.c.S.Request [SearchCovid]  webapp=/solr path=/clustering params={q=full_text:coronavirus+user.screen_name:coronavirus&start=0&sort=favorite_count+desc,retweeted_count+desc&fq=&fq=&fq=&rows=100&wt=json} hits=5370 status=0 QTime=236
2020-04-23 14:22:16.763 INFO  (qtp1305935114-21) [   x:SearchCovid] o.a.s.c.S.Request [SearchCovid]  webapp=/solr path=/clustering params={q=full_text:coronavirus+user.screen_name:coronavirus&start=0&sort=favorite_count+desc,retweeted_count+desc&fq=&fq=&fq=&rows=100&wt=json} hits=5370 status=0 QTime=148
2020-04-23 14:22:16.940 INFO  (qtp1305935114-49) [   x:SearchCovid] o.a.s.c.S.Request [SearchCovid]  webapp=/solr path=/clustering params={q=full_text:coronavirus+user.screen_name:coronavirus&start=0&sort=favorite_count+desc,retweeted_count+desc&fq=&fq=&fq=&rows=100&wt=json} hits=5370 status=0 QTime=169
2020-04-23 14:22:17.338 INFO  (qtp1305935114-23) [   x:SearchCovid] o.a.s.c.S.Request [SearchCovid]  webapp=/solr path=/clustering params={q=full_text:coronavirus+user.screen_name:coronavirus&start=0&sort=favorite_count+desc,retweeted_count+desc&fq=&fq=&fq=&rows=100&wt=json} hits=5370 status=0 QTime=184
2020-04-23 14:28:09.978 INFO  (qtp1305935114-48) [   x:SearchCovid] o.a.s.c.S.Request [SearchCovid]  webapp=/solr path=/admin/ping params={} hits=11199 status=0 QTime=4
2020-04-23 14:28:09.979 INFO  (qtp1305935114-48) [   x:SearchCovid] o.a.s.c.S.Request [SearchCovid]  webapp=/solr path=/admin/ping params={} status=0 QTime=4
2020-04-23 14:28:10.903 INFO  (qtp1305935114-23) [   x:SearchCovid] o.a.s.c.S.Request [SearchCovid]  webapp=/solr path=/select params={q=full_text:covid||testing+user.screen_name:covid||testing&q=q%3Dfull_text%253Acovid||testing%2520user.screen_name%253Acovid||testing%26start%3D0%26rows%3D10&start=0&fq=&fq=full_text:Singapore+Singapore&fq=&rows=10&params=%26fq%3D%26fq%3Dfull_text%253ASingapore%2520Singapore%26fq%3D%26wt%3Djson&wt=json} hits=14 status=0 QTime=47
2020-04-23 14:29:28.244 INFO  (qtp1305935114-19) [   x:SearchCovid] o.a.s.c.S.Request [SearchCovid]  webapp=/solr path=/select params={q=full_text:covid||testing+user.screen_name:covid||testing&start=0&fq=&fq=full_text:Singapore+Singapore&fq=&rows=10&wt=json} hits=14 status=0 QTime=1
2020-04-23 14:30:14.508 INFO  (qtp1305935114-48) [   x:SearchCovid] o.a.s.c.S.Request [SearchCovid]  webapp=/solr path=/admin/ping params={} hits=11199 status=0 QTime=15
2020-04-23 14:30:14.508 INFO  (qtp1305935114-48) [   x:SearchCovid] o.a.s.c.S.Request [SearchCovid]  webapp=/solr path=/admin/ping params={} status=0 QTime=16
2020-04-23 14:30:14.566 INFO  (qtp1305935114-21) [   x:SearchCovid] o.a.s.c.S.Request [SearchCovid]  webapp=/solr path=/select params={q=full_text:Quarantine+user.screen_name:Quarantine&q=q%3Dfull_text%253AQuarantine%2520user.screen_name%253AQuarantine%26start%3D0%26rows%3D10&start=0&fq=created_at:[NOW-1MONTH+TO+NOW]&fq=&fq=polarity:positive&rows=10&params=%26fq%3Dcreated_at%253A[NOW-1MONTH%2520TO%2520NOW]%26fq%3D%26fq%3Dpolarity%253Apositive%26wt%3Djson&wt=json} hits=64 status=0 QTime=41
2020-04-23 14:30:53.073 INFO  (qtp1305935114-44) [   x:SearchCovid] o.a.s.c.S.Request [SearchCovid]  webapp=/solr path=/select params={q=full_text:Quarantine+user.screen_name:Quarantine&start=0&fq=created_at:[NOW-1MONTH+TO+NOW]&fq=&fq=polarity:positive&rows=10&wt=json} hits=64 status=0 QTime=3
2020-04-23 14:32:28.977 INFO  (qtp1305935114-24) [   x:SearchCovid] o.a.s.c.S.Request [SearchCovid]  webapp=/solr path=/select params={q=full_text:covid||testing+user.screen_name:covid||testing&start=0&fq=&fq=full_text:Singapore+Singapore&fq=&rows=10&wt=json} hits=14 status=0 QTime=1
2020-04-23 14:32:59.882 INFO  (qtp1305935114-21) [   x:SearchCovid] o.a.s.c.S.Request [SearchCovid]  webapp=/solr path=/admin/ping params={} hits=11199 status=0 QTime=6
2020-04-23 14:32:59.882 INFO  (qtp1305935114-21) [   x:SearchCovid] o.a.s.c.S.Request [SearchCovid]  webapp=/solr path=/admin/ping params={} status=0 QTime=6
2020-04-23 14:32:59.899 INFO  (qtp1305935114-19) [   x:SearchCovid] o.a.s.c.S.Request [SearchCovid]  webapp=/solr path=/select params={q=full_text:Boris||Johnson+user.screen_name:Boris||Johnson&q=q%3Dfull_text%253ABoris||Johnson%2520user.screen_name%253ABoris||Johnson%26start%3D0%26rows%3D10&start=0&fq=&fq=&fq=&rows=10&params=%26fq%3D%26fq%3D%26fq%3D%26wt%3Djson&wt=json} hits=1018 status=0 QTime=1
2020-04-23 14:33:01.290 INFO  (qtp1305935114-48) [   x:SearchCovid] o.a.s.c.S.Request [SearchCovid]  webapp=/solr path=/admin/ping params={} hits=11199 status=0 QTime=6
2020-04-23 14:33:01.290 INFO  (qtp1305935114-48) [   x:SearchCovid] o.a.s.c.S.Request [SearchCovid]  webapp=/solr path=/admin/ping params={} status=0 QTime=6
2020-04-23 14:33:01.410 INFO  (qtp1305935114-24) [   x:SearchCovid] o.a.s.c.S.Request [SearchCovid]  webapp=/solr path=/mlt params={q=full_text:Boris||Johnson+user.screen_name:Boris||Johnson+id:1243497891978756096&q=q%3Dfull_text%253ABoris||Johnson%2520user.screen_name%253ABoris||Johnson%2520id:1243497891978756096%26start%3D0%26rows%3D10&start=0&fq=&fq=&fq=&rows=10&params=%26fq%3D%26fq%3D%26fq%3D%26wt%3Djson&wt=json} status=0 QTime=104
2020-04-23 14:33:44.846 INFO  (qtp1305935114-19) [   x:SearchCovid] o.a.s.c.S.Request [SearchCovid]  webapp=/solr path=/mlt params={q=full_text:Boris||Johnson+user.screen_name:Boris||Johnson+id:1243497891978756096&start=0&fq=&fq=&fq=&rows=10&wt=json} status=0 QTime=2
2020-04-23 14:34:20.139 INFO  (qtp1305935114-21) [   x:SearchCovid] o.a.s.c.S.Request [SearchCovid]  webapp=/solr path=/admin/ping params={} hits=11199 status=0 QTime=18
2020-04-23 14:34:20.140 INFO  (qtp1305935114-21) [   x:SearchCovid] o.a.s.c.S.Request [SearchCovid]  webapp=/solr path=/admin/ping params={} status=0 QTime=18
2020-04-23 14:34:21.749 INFO  (qtp1305935114-48) [   x:SearchCovid] o.a.s.c.S.Request [SearchCovid]  webapp=/solr path=/select params={q=full_text:Recovery+user.screen_name:Recovery&q=q%3Dfull_text%253ARecovery%2520user.screen_name%253ARecovery%26start%3D0%26rows%3D10&start=0&sort=favorite_count+desc,retweeted_count+desc&fq=&fq=full_text:Singapore+Singapore&fq=polarity:neutural&rows=10&params=%26sort%3Dfavorite_count%2520desc,retweeted_count%2520desc%26fq%3D%26fq%3Dfull_text%253ASingapore%2520Singapore%26fq%3Dpolarity%253Aneutural%26wt%3Djson&wt=json} hits=0 status=0 QTime=5
2020-04-23 14:34:31.018 INFO  (qtp1305935114-27) [   x:SearchCovid] o.a.s.c.S.Request [SearchCovid]  webapp=/solr path=/admin/ping params={} hits=11199 status=0 QTime=4
2020-04-23 14:34:31.018 INFO  (qtp1305935114-27) [   x:SearchCovid] o.a.s.c.S.Request [SearchCovid]  webapp=/solr path=/admin/ping params={} status=0 QTime=4
2020-04-23 14:34:35.366 ERROR (qtp1305935114-19) [   x:SearchCovid] o.a.s.h.RequestHandlerBase org.apache.solr.common.SolrException: no field name specified in query and no default specified via 'df' param
	at org.apache.solr.parser.SolrQueryParserBase.checkNullField(SolrQueryParserBase.java:1005)
	at org.apache.solr.parser.SolrQueryParserBase.getFieldQuery(SolrQueryParserBase.java:1059)
	at org.apache.solr.parser.SolrQueryParserBase.handleBareTokenQuery(SolrQueryParserBase.java:825)
	at org.apache.solr.parser.QueryParser.Term(QueryParser.java:421)
	at org.apache.solr.parser.QueryParser.Clause(QueryParser.java:278)
	at org.apache.solr.parser.QueryParser.Query(QueryParser.java:222)
	at org.apache.solr.parser.QueryParser.TopLevelQuery(QueryParser.java:131)
	at org.apache.solr.parser.SolrQueryParserBase.parse(SolrQueryParserBase.java:263)
	at org.apache.solr.search.LuceneQParser.parse(LuceneQParser.java:49)
	at org.apache.solr.search.QParser.getQuery(QParser.java:174)
	at org.apache.solr.handler.component.QueryComponent.prepare(QueryComponent.java:208)
	at org.apache.solr.handler.component.SearchHandler.handleRequestBody(SearchHandler.java:302)
	at org.apache.solr.handler.RequestHandlerBase.handleRequest(RequestHandlerBase.java:211)
	at org.apache.solr.core.SolrCore.execute(SolrCore.java:2596)
	at org.apache.solr.servlet.HttpSolrCall.execute(HttpSolrCall.java:802)
	at org.apache.solr.servlet.HttpSolrCall.call(HttpSolrCall.java:579)
	at org.apache.solr.servlet.SolrDispatchFilter.doFilter(SolrDispatchFilter.java:420)
	at org.apache.solr.servlet.SolrDispatchFilter.doFilter(SolrDispatchFilter.java:352)
	at org.eclipse.jetty.servlet.ServletHandler$CachedChain.doFilter(ServletHandler.java:1596)
	at org.eclipse.jetty.servlet.ServletHandler.doHandle(ServletHandler.java:545)
	at org.eclipse.jetty.server.handler.ScopedHandler.handle(ScopedHandler.java:143)
	at org.eclipse.jetty.security.SecurityHandler.handle(SecurityHandler.java:590)
	at org.eclipse.jetty.server.handler.HandlerWrapper.handle(HandlerWrapper.java:127)
	at org.eclipse.jetty.server.handler.ScopedHandler.nextHandle(ScopedHandler.java:235)
	at org.eclipse.jetty.server.session.SessionHandler.doHandle(SessionHandler.java:1607)
	at org.eclipse.jetty.server.handler.ScopedHandler.nextHandle(ScopedHandler.java:233)
	at org.eclipse.jetty.server.handler.ContextHandler.doHandle(ContextHandler.java:1297)
	at org.eclipse.jetty.server.handler.ScopedHandler.nextScope(ScopedHandler.java:188)
	at org.eclipse.jetty.servlet.ServletHandler.doScope(ServletHandler.java:485)
	at org.eclipse.jetty.server.session.SessionHandler.doScope(SessionHandler.java:1577)
	at org.eclipse.jetty.server.handler.ScopedHandler.nextScope(ScopedHandler.java:186)
	at org.eclipse.jetty.server.handler.ContextHandler.doScope(ContextHandler.java:1212)
	at org.eclipse.jetty.server.handler.ScopedHandler.handle(ScopedHandler.java:141)
	at org.eclipse.jetty.server.handler.ContextHandlerCollection.handle(ContextHandlerCollection.java:221)
	at org.eclipse.jetty.server.handler.InetAccessHandler.handle(InetAccessHandler.java:177)
	at org.eclipse.jetty.server.handler.HandlerCollection.handle(HandlerCollection.java:146)
	at org.eclipse.jetty.server.handler.HandlerWrapper.handle(HandlerWrapper.java:127)
	at org.eclipse.jetty.rewrite.handler.RewriteHandler.handle(RewriteHandler.java:322)
	at org.eclipse.jetty.server.handler.HandlerWrapper.handle(HandlerWrapper.java:127)
	at org.eclipse.jetty.server.Server.handle(Server.java:500)
	at org.eclipse.jetty.server.HttpChannel.lambda$handle$1(HttpChannel.java:383)
	at org.eclipse.jetty.server.HttpChannel.dispatch(HttpChannel.java:547)
	at org.eclipse.jetty.server.HttpChannel.handle(HttpChannel.java:375)
	at org.eclipse.jetty.server.HttpConnection.onFillable(HttpConnection.java:270)
	at org.eclipse.jetty.io.AbstractConnection$ReadCallback.succeeded(AbstractConnection.java:311)
	at org.eclipse.jetty.io.FillInterest.fillable(FillInterest.java:103)
	at org.eclipse.jetty.io.ChannelEndPoint$2.run(ChannelEndPoint.java:117)
	at org.eclipse.jetty.util.thread.strategy.EatWhatYouKill.runTask(EatWhatYouKill.java:336)
	at org.eclipse.jetty.util.thread.strategy.EatWhatYouKill.doProduce(EatWhatYouKill.java:313)
	at org.eclipse.jetty.util.thread.strategy.EatWhatYouKill.tryProduce(EatWhatYouKill.java:171)
	at org.eclipse.jetty.util.thread.strategy.EatWhatYouKill.run(EatWhatYouKill.java:129)
	at org.eclipse.jetty.util.thread.ReservedThreadExecutor$ReservedThread.run(ReservedThreadExecutor.java:388)
	at org.eclipse.jetty.util.thread.QueuedThreadPool.runJob(QueuedThreadPool.java:806)
	at org.eclipse.jetty.util.thread.QueuedThreadPool$Runner.run(QueuedThreadPool.java:938)
	at java.base/java.lang.Thread.run(Thread.java:832)

2020-04-23 14:34:35.367 INFO  (qtp1305935114-19) [   x:SearchCovid] o.a.s.c.S.Request [SearchCovid]  webapp=/solr path=/clustering params={q=full_text:Recovery+user.screen_name:Recovery&q=q%3Dfull_text%253ARecovery%2520user.screen_name%253ARecovery%26start%3D0%26rows%3D100&start=0&sort=favorite_count+desc,retweeted_count+desc&fq=&fq=full_text:Singapore+Singapore&fq=polarity:neutural&rows=100&params=%26sort%3Dfavorite_count%2520desc,retweeted_count%2520desc%26fq%3D%26fq%3Dfull_text%253ASingapore%2520Singapore%26fq%3Dpolarity%253Aneutural%26wt%3Djson&wt=json} status=400 QTime=2
2020-04-23 14:34:52.950 INFO  (qtp1305935114-27) [   x:SearchCovid] o.a.s.c.S.Request [SearchCovid]  webapp=/solr path=/select params={q=*:*&facet.field=polarity&rows=10&facet=on&_=1587647015486} hits=11199 status=0 QTime=3
2020-04-23 14:35:25.750 INFO  (qtp1305935114-43) [   x:SearchCovid] o.a.s.c.S.Request [SearchCovid]  webapp=/solr path=/admin/ping params={} hits=11199 status=0 QTime=4
2020-04-23 14:35:25.750 INFO  (qtp1305935114-43) [   x:SearchCovid] o.a.s.c.S.Request [SearchCovid]  webapp=/solr path=/admin/ping params={} status=0 QTime=4
2020-04-23 14:35:25.759 INFO  (qtp1305935114-21) [   x:SearchCovid] o.a.s.c.S.Request [SearchCovid]  webapp=/solr path=/select params={q=full_text:Recovery+user.screen_name:Recovery&q=q%3Dfull_text%253ARecovery%2520user.screen_name%253ARecovery%26start%3D0%26rows%3D10&start=0&fq=&fq=&fq=&rows=10&params=%26fq%3D%26fq%3D%26fq%3D%26wt%3Djson&wt=json} hits=817 status=0 QTime=2
2020-04-23 14:36:10.634 INFO  (qtp1305935114-48) [   x:SearchCovid] o.a.s.c.S.Request [SearchCovid]  webapp=/solr path=/admin/ping params={} hits=11199 status=0 QTime=6
2020-04-23 14:36:10.634 INFO  (qtp1305935114-48) [   x:SearchCovid] o.a.s.c.S.Request [SearchCovid]  webapp=/solr path=/admin/ping params={} status=0 QTime=6
2020-04-23 14:36:12.224 ERROR (qtp1305935114-19) [   x:SearchCovid] o.a.s.h.RequestHandlerBase org.apache.solr.common.SolrException: no field name specified in query and no default specified via 'df' param
	at org.apache.solr.parser.SolrQueryParserBase.checkNullField(SolrQueryParserBase.java:1005)
	at org.apache.solr.parser.SolrQueryParserBase.getFieldQuery(SolrQueryParserBase.java:1059)
	at org.apache.solr.parser.SolrQueryParserBase.handleBareTokenQuery(SolrQueryParserBase.java:825)
	at org.apache.solr.parser.QueryParser.Term(QueryParser.java:421)
	at org.apache.solr.parser.QueryParser.Clause(QueryParser.java:278)
	at org.apache.solr.parser.QueryParser.Query(QueryParser.java:222)
	at org.apache.solr.parser.QueryParser.TopLevelQuery(QueryParser.java:131)
	at org.apache.solr.parser.SolrQueryParserBase.parse(SolrQueryParserBase.java:263)
	at org.apache.solr.search.LuceneQParser.parse(LuceneQParser.java:49)
	at org.apache.solr.search.QParser.getQuery(QParser.java:174)
	at org.apache.solr.handler.component.QueryComponent.prepare(QueryComponent.java:208)
	at org.apache.solr.handler.component.SearchHandler.handleRequestBody(SearchHandler.java:302)
	at org.apache.solr.handler.RequestHandlerBase.handleRequest(RequestHandlerBase.java:211)
	at org.apache.solr.core.SolrCore.execute(SolrCore.java:2596)
	at org.apache.solr.servlet.HttpSolrCall.execute(HttpSolrCall.java:802)
	at org.apache.solr.servlet.HttpSolrCall.call(HttpSolrCall.java:579)
	at org.apache.solr.servlet.SolrDispatchFilter.doFilter(SolrDispatchFilter.java:420)
	at org.apache.solr.servlet.SolrDispatchFilter.doFilter(SolrDispatchFilter.java:352)
	at org.eclipse.jetty.servlet.ServletHandler$CachedChain.doFilter(ServletHandler.java:1596)
	at org.eclipse.jetty.servlet.ServletHandler.doHandle(ServletHandler.java:545)
	at org.eclipse.jetty.server.handler.ScopedHandler.handle(ScopedHandler.java:143)
	at org.eclipse.jetty.security.SecurityHandler.handle(SecurityHandler.java:590)
	at org.eclipse.jetty.server.handler.HandlerWrapper.handle(HandlerWrapper.java:127)
	at org.eclipse.jetty.server.handler.ScopedHandler.nextHandle(ScopedHandler.java:235)
	at org.eclipse.jetty.server.session.SessionHandler.doHandle(SessionHandler.java:1607)
	at org.eclipse.jetty.server.handler.ScopedHandler.nextHandle(ScopedHandler.java:233)
	at org.eclipse.jetty.server.handler.ContextHandler.doHandle(ContextHandler.java:1297)
	at org.eclipse.jetty.server.handler.ScopedHandler.nextScope(ScopedHandler.java:188)
	at org.eclipse.jetty.servlet.ServletHandler.doScope(ServletHandler.java:485)
	at org.eclipse.jetty.server.session.SessionHandler.doScope(SessionHandler.java:1577)
	at org.eclipse.jetty.server.handler.ScopedHandler.nextScope(ScopedHandler.java:186)
	at org.eclipse.jetty.server.handler.ContextHandler.doScope(ContextHandler.java:1212)
	at org.eclipse.jetty.server.handler.ScopedHandler.handle(ScopedHandler.java:141)
	at org.eclipse.jetty.server.handler.ContextHandlerCollection.handle(ContextHandlerCollection.java:221)
	at org.eclipse.jetty.server.handler.InetAccessHandler.handle(InetAccessHandler.java:177)
	at org.eclipse.jetty.server.handler.HandlerCollection.handle(HandlerCollection.java:146)
	at org.eclipse.jetty.server.handler.HandlerWrapper.handle(HandlerWrapper.java:127)
	at org.eclipse.jetty.rewrite.handler.RewriteHandler.handle(RewriteHandler.java:322)
	at org.eclipse.jetty.server.handler.HandlerWrapper.handle(HandlerWrapper.java:127)
	at org.eclipse.jetty.server.Server.handle(Server.java:500)
	at org.eclipse.jetty.server.HttpChannel.lambda$handle$1(HttpChannel.java:383)
	at org.eclipse.jetty.server.HttpChannel.dispatch(HttpChannel.java:547)
	at org.eclipse.jetty.server.HttpChannel.handle(HttpChannel.java:375)
	at org.eclipse.jetty.server.HttpConnection.onFillable(HttpConnection.java:270)
	at org.eclipse.jetty.io.AbstractConnection$ReadCallback.succeeded(AbstractConnection.java:311)
	at org.eclipse.jetty.io.FillInterest.fillable(FillInterest.java:103)
	at org.eclipse.jetty.io.ChannelEndPoint$2.run(ChannelEndPoint.java:117)
	at org.eclipse.jetty.util.thread.strategy.EatWhatYouKill.runTask(EatWhatYouKill.java:336)
	at org.eclipse.jetty.util.thread.strategy.EatWhatYouKill.doProduce(EatWhatYouKill.java:313)
	at org.eclipse.jetty.util.thread.strategy.EatWhatYouKill.tryProduce(EatWhatYouKill.java:171)
	at org.eclipse.jetty.util.thread.strategy.EatWhatYouKill.run(EatWhatYouKill.java:129)
	at org.eclipse.jetty.util.thread.ReservedThreadExecutor$ReservedThread.run(ReservedThreadExecutor.java:388)
	at org.eclipse.jetty.util.thread.QueuedThreadPool.runJob(QueuedThreadPool.java:806)
	at org.eclipse.jetty.util.thread.QueuedThreadPool$Runner.run(QueuedThreadPool.java:938)
	at java.base/java.lang.Thread.run(Thread.java:832)

2020-04-23 14:36:12.224 INFO  (qtp1305935114-19) [   x:SearchCovid] o.a.s.c.S.Request [SearchCovid]  webapp=/solr path=/clustering params={q=full_text:Recovery+user.screen_name:Recovery&q=q%3Dfull_text%253ARecovery%2520user.screen_name%253ARecovery%26start%3D0%26rows%3D100&start=0&sort=favorite_count+desc,retweeted_count+desc&fq=created_at:[NOW-1MONTH+TO+NOW]&fq=full_text:Singapore+Singapore&fq=polarity:neutural&rows=100&params=%26sort%3Dfavorite_count%2520desc,retweeted_count%2520desc%26fq%3Dcreated_at%253A[NOW-1MONTH%2520TO%2520NOW]%26fq%3Dfull_text%253ASingapore%2520Singapore%26fq%3Dpolarity%253Aneutural%26wt%3Djson&wt=json} status=400 QTime=1
2020-04-23 14:36:26.661 INFO  (qtp1305935114-27) [   x:SearchCovid] o.a.s.c.S.Request [SearchCovid]  webapp=/solr path=/admin/ping params={} hits=11199 status=0 QTime=4
2020-04-23 14:36:26.662 INFO  (qtp1305935114-27) [   x:SearchCovid] o.a.s.c.S.Request [SearchCovid]  webapp=/solr path=/admin/ping params={} status=0 QTime=4
2020-04-23 14:36:27.250 ERROR (qtp1305935114-43) [   x:SearchCovid] o.a.s.h.RequestHandlerBase org.apache.solr.common.SolrException: no field name specified in query and no default specified via 'df' param
	at org.apache.solr.parser.SolrQueryParserBase.checkNullField(SolrQueryParserBase.java:1005)
	at org.apache.solr.parser.SolrQueryParserBase.getFieldQuery(SolrQueryParserBase.java:1059)
	at org.apache.solr.parser.SolrQueryParserBase.handleBareTokenQuery(SolrQueryParserBase.java:825)
	at org.apache.solr.parser.QueryParser.Term(QueryParser.java:421)
	at org.apache.solr.parser.QueryParser.Clause(QueryParser.java:278)
	at org.apache.solr.parser.QueryParser.Query(QueryParser.java:222)
	at org.apache.solr.parser.QueryParser.TopLevelQuery(QueryParser.java:131)
	at org.apache.solr.parser.SolrQueryParserBase.parse(SolrQueryParserBase.java:263)
	at org.apache.solr.search.LuceneQParser.parse(LuceneQParser.java:49)
	at org.apache.solr.search.QParser.getQuery(QParser.java:174)
	at org.apache.solr.handler.component.QueryComponent.prepare(QueryComponent.java:208)
	at org.apache.solr.handler.component.SearchHandler.handleRequestBody(SearchHandler.java:302)
	at org.apache.solr.handler.RequestHandlerBase.handleRequest(RequestHandlerBase.java:211)
	at org.apache.solr.core.SolrCore.execute(SolrCore.java:2596)
	at org.apache.solr.servlet.HttpSolrCall.execute(HttpSolrCall.java:802)
	at org.apache.solr.servlet.HttpSolrCall.call(HttpSolrCall.java:579)
	at org.apache.solr.servlet.SolrDispatchFilter.doFilter(SolrDispatchFilter.java:420)
	at org.apache.solr.servlet.SolrDispatchFilter.doFilter(SolrDispatchFilter.java:352)
	at org.eclipse.jetty.servlet.ServletHandler$CachedChain.doFilter(ServletHandler.java:1596)
	at org.eclipse.jetty.servlet.ServletHandler.doHandle(ServletHandler.java:545)
	at org.eclipse.jetty.server.handler.ScopedHandler.handle(ScopedHandler.java:143)
	at org.eclipse.jetty.security.SecurityHandler.handle(SecurityHandler.java:590)
	at org.eclipse.jetty.server.handler.HandlerWrapper.handle(HandlerWrapper.java:127)
	at org.eclipse.jetty.server.handler.ScopedHandler.nextHandle(ScopedHandler.java:235)
	at org.eclipse.jetty.server.session.SessionHandler.doHandle(SessionHandler.java:1607)
	at org.eclipse.jetty.server.handler.ScopedHandler.nextHandle(ScopedHandler.java:233)
	at org.eclipse.jetty.server.handler.ContextHandler.doHandle(ContextHandler.java:1297)
	at org.eclipse.jetty.server.handler.ScopedHandler.nextScope(ScopedHandler.java:188)
	at org.eclipse.jetty.servlet.ServletHandler.doScope(ServletHandler.java:485)
	at org.eclipse.jetty.server.session.SessionHandler.doScope(SessionHandler.java:1577)
	at org.eclipse.jetty.server.handler.ScopedHandler.nextScope(ScopedHandler.java:186)
	at org.eclipse.jetty.server.handler.ContextHandler.doScope(ContextHandler.java:1212)
	at org.eclipse.jetty.server.handler.ScopedHandler.handle(ScopedHandler.java:141)
	at org.eclipse.jetty.server.handler.ContextHandlerCollection.handle(ContextHandlerCollection.java:221)
	at org.eclipse.jetty.server.handler.InetAccessHandler.handle(InetAccessHandler.java:177)
	at org.eclipse.jetty.server.handler.HandlerCollection.handle(HandlerCollection.java:146)
	at org.eclipse.jetty.server.handler.HandlerWrapper.handle(HandlerWrapper.java:127)
	at org.eclipse.jetty.rewrite.handler.RewriteHandler.handle(RewriteHandler.java:322)
	at org.eclipse.jetty.server.handler.HandlerWrapper.handle(HandlerWrapper.java:127)
	at org.eclipse.jetty.server.Server.handle(Server.java:500)
	at org.eclipse.jetty.server.HttpChannel.lambda$handle$1(HttpChannel.java:383)
	at org.eclipse.jetty.server.HttpChannel.dispatch(HttpChannel.java:547)
	at org.eclipse.jetty.server.HttpChannel.handle(HttpChannel.java:375)
	at org.eclipse.jetty.server.HttpConnection.onFillable(HttpConnection.java:270)
	at org.eclipse.jetty.io.AbstractConnection$ReadCallback.succeeded(AbstractConnection.java:311)
	at org.eclipse.jetty.io.FillInterest.fillable(FillInterest.java:103)
	at org.eclipse.jetty.io.ChannelEndPoint$2.run(ChannelEndPoint.java:117)
	at org.eclipse.jetty.util.thread.strategy.EatWhatYouKill.runTask(EatWhatYouKill.java:336)
	at org.eclipse.jetty.util.thread.strategy.EatWhatYouKill.doProduce(EatWhatYouKill.java:313)
	at org.eclipse.jetty.util.thread.strategy.EatWhatYouKill.tryProduce(EatWhatYouKill.java:171)
	at org.eclipse.jetty.util.thread.strategy.EatWhatYouKill.run(EatWhatYouKill.java:129)
	at org.eclipse.jetty.util.thread.ReservedThreadExecutor$ReservedThread.run(ReservedThreadExecutor.java:388)
	at org.eclipse.jetty.util.thread.QueuedThreadPool.runJob(QueuedThreadPool.java:806)
	at org.eclipse.jetty.util.thread.QueuedThreadPool$Runner.run(QueuedThreadPool.java:938)
	at java.base/java.lang.Thread.run(Thread.java:832)

2020-04-23 14:36:27.250 INFO  (qtp1305935114-43) [   x:SearchCovid] o.a.s.c.S.Request [SearchCovid]  webapp=/solr path=/clustering params={q=full_text:Lockdown+user.screen_name:Lockdown&q=q%3Dfull_text%253ALockdown%2520user.screen_name%253ALockdown%26start%3D0%26rows%3D100&start=0&sort=favorite_count+desc,retweeted_count+desc&fq=created_at:[NOW-1MONTH+TO+NOW]&fq=full_text:Singapore+Singapore&fq=polarity:neutural&rows=100&params=%26sort%3Dfavorite_count%2520desc,retweeted_count%2520desc%26fq%3Dcreated_at%253A[NOW-1MONTH%2520TO%2520NOW]%26fq%3Dfull_text%253ASingapore%2520Singapore%26fq%3Dpolarity%253Aneutural%26wt%3Djson&wt=json} status=400 QTime=1
2020-04-23 14:36:31.766 INFO  (qtp1305935114-44) [   x:SearchCovid] o.a.s.c.S.Request [SearchCovid]  webapp=/solr path=/admin/ping params={} hits=11199 status=0 QTime=6
2020-04-23 14:36:31.766 INFO  (qtp1305935114-44) [   x:SearchCovid] o.a.s.c.S.Request [SearchCovid]  webapp=/solr path=/admin/ping params={} status=0 QTime=6
2020-04-23 14:36:31.782 INFO  (qtp1305935114-48) [   x:SearchCovid] o.a.s.c.S.Request [SearchCovid]  webapp=/solr path=/clustering params={q=full_text:Lockdown+user.screen_name:Lockdown&q=q%3Dfull_text%253ALockdown%2520user.screen_name%253ALockdown%26start%3D0%26rows%3D100&start=0&sort=favorite_count+desc,retweeted_count+desc&fq=created_at:[NOW-1MONTH+TO+NOW]&fq=&fq=polarity:neutural&rows=100&params=%26sort%3Dfavorite_count%2520desc,retweeted_count%2520desc%26fq%3Dcreated_at%253A[NOW-1MONTH%2520TO%2520NOW]%26fq%3D%26fq%3Dpolarity%253Aneutural%26wt%3Djson&wt=json} hits=0 status=0 QTime=11
2020-04-23 14:36:35.703 INFO  (qtp1305935114-27) [   x:SearchCovid] o.a.s.c.S.Request [SearchCovid]  webapp=/solr path=/admin/ping params={} hits=11199 status=0 QTime=6
2020-04-23 14:36:35.703 INFO  (qtp1305935114-27) [   x:SearchCovid] o.a.s.c.S.Request [SearchCovid]  webapp=/solr path=/admin/ping params={} status=0 QTime=7
2020-04-23 14:36:35.722 INFO  (qtp1305935114-19) [   x:SearchCovid] o.a.s.c.S.Request [SearchCovid]  webapp=/solr path=/clustering params={q=full_text:Lockdown+user.screen_name:Lockdown&q=q%3Dfull_text%253ALockdown%2520user.screen_name%253ALockdown%26start%3D0%26rows%3D100&start=0&sort=favorite_count+desc,retweeted_count+desc&fq=created_at:[NOW-1MONTH+TO+NOW]&fq=&fq=polarity:neutural&rows=100&params=%26sort%3Dfavorite_count%2520desc,retweeted_count%2520desc%26fq%3Dcreated_at%253A[NOW-1MONTH%2520TO%2520NOW]%26fq%3D%26fq%3Dpolarity%253Aneutural%26wt%3Djson&wt=json} hits=0 status=0 QTime=3
2020-04-23 14:36:40.073 INFO  (qtp1305935114-44) [   x:SearchCovid] o.a.s.c.S.Request [SearchCovid]  webapp=/solr path=/admin/ping params={} hits=11199 status=0 QTime=6
2020-04-23 14:36:40.073 INFO  (qtp1305935114-44) [   x:SearchCovid] o.a.s.c.S.Request [SearchCovid]  webapp=/solr path=/admin/ping params={} status=0 QTime=6
2020-04-23 14:36:40.085 INFO  (qtp1305935114-43) [   x:SearchCovid] o.a.s.c.S.Request [SearchCovid]  webapp=/solr path=/select params={q=full_text:Lockdown+user.screen_name:Lockdown&q=q%3Dfull_text%253ALockdown%2520user.screen_name%253ALockdown%26start%3D0%26rows%3D10&start=0&sort=favorite_count+desc,retweeted_count+desc&fq=created_at:[NOW-1MONTH+TO+NOW]&fq=&fq=polarity:neutural&rows=10&params=%26sort%3Dfavorite_count%2520desc,retweeted_count%2520desc%26fq%3Dcreated_at%253A[NOW-1MONTH%2520TO%2520NOW]%26fq%3D%26fq%3Dpolarity%253Aneutural%26wt%3Djson&wt=json} hits=0 status=0 QTime=3
2020-04-23 14:36:44.150 INFO  (qtp1305935114-48) [   x:SearchCovid] o.a.s.c.S.Request [SearchCovid]  webapp=/solr path=/admin/ping params={} hits=11199 status=0 QTime=4
2020-04-23 14:36:44.151 INFO  (qtp1305935114-48) [   x:SearchCovid] o.a.s.c.S.Request [SearchCovid]  webapp=/solr path=/admin/ping params={} status=0 QTime=4
2020-04-23 14:36:44.167 INFO  (qtp1305935114-19) [   x:SearchCovid] o.a.s.c.S.Request [SearchCovid]  webapp=/solr path=/select params={q=full_text:Lockdown+user.screen_name:Lockdown&q=q%3Dfull_text%253ALockdown%2520user.screen_name%253ALockdown%26start%3D0%26rows%3D10&start=0&sort=favorite_count+desc,retweeted_count+desc&fq=&fq=&fq=polarity:neutural&rows=10&params=%26sort%3Dfavorite_count%2520desc,retweeted_count%2520desc%26fq%3D%26fq%3D%26fq%3Dpolarity%253Aneutural%26wt%3Djson&wt=json} hits=0 status=0 QTime=1
2020-04-23 14:37:17.966 INFO  (qtp1305935114-43) [   x:SearchCovid] o.a.s.c.S.Request [SearchCovid]  webapp=/solr path=/admin/ping params={} hits=11199 status=0 QTime=5
2020-04-23 14:37:17.966 INFO  (qtp1305935114-43) [   x:SearchCovid] o.a.s.c.S.Request [SearchCovid]  webapp=/solr path=/admin/ping params={} status=0 QTime=5
2020-04-23 14:37:18.555 INFO  (qtp1305935114-44) [   x:SearchCovid] o.a.s.c.S.Request [SearchCovid]  webapp=/solr path=/select params={q=full_text:Recovery+user.screen_name:Recovery&q=q%3Dfull_text%253ARecovery%2520user.screen_name%253ARecovery%26start%3D0%26rows%3D10&start=0&fq=&fq=full_text:Singapore+Singapore&fq=polarity:neutural&rows=10&params=%26fq%3D%26fq%3Dfull_text%253ASingapore%2520Singapore%26fq%3Dpolarity%253Aneutural%26wt%3Djson&wt=json} hits=0 status=0 QTime=1
2020-04-23 14:37:41.878 INFO  (qtp1305935114-48) [   x:SearchCovid] o.a.s.c.S.Request [SearchCovid]  webapp=/solr path=/admin/ping params={} hits=11199 status=0 QTime=4
2020-04-23 14:37:41.878 INFO  (qtp1305935114-48) [   x:SearchCovid] o.a.s.c.S.Request [SearchCovid]  webapp=/solr path=/admin/ping params={} status=0 QTime=4
2020-04-23 14:37:41.891 INFO  (qtp1305935114-19) [   x:SearchCovid] o.a.s.c.S.Request [SearchCovid]  webapp=/solr path=/clustering params={q=full_text:Recovery+user.screen_name:Recovery&q=q%3Dfull_text%253ARecovery%2520user.screen_name%253ARecovery%26start%3D0%26rows%3D100&start=0&sort=favorite_count+desc,retweeted_count+desc&fq=created_at:[NOW-1MONTH+TO+NOW]&fq=&fq=polarity:neutural&rows=100&params=%26sort%3Dfavorite_count%2520desc,retweeted_count%2520desc%26fq%3Dcreated_at%253A[NOW-1MONTH%2520TO%2520NOW]%26fq%3D%26fq%3Dpolarity%253Aneutural%26wt%3Djson&wt=json} hits=0 status=0 QTime=6
2020-04-23 14:37:47.308 INFO  (qtp1305935114-43) [   x:SearchCovid] o.a.s.c.S.Request [SearchCovid]  webapp=/solr path=/admin/ping params={} hits=11199 status=0 QTime=3
2020-04-23 14:37:47.308 INFO  (qtp1305935114-43) [   x:SearchCovid] o.a.s.c.S.Request [SearchCovid]  webapp=/solr path=/admin/ping params={} status=0 QTime=3
2020-04-23 14:37:47.326 INFO  (qtp1305935114-44) [   x:SearchCovid] o.a.s.c.S.Request [SearchCovid]  webapp=/solr path=/clustering params={q=full_text:Recovery+user.screen_name:Recovery&q=q%3Dfull_text%253ARecovery%2520user.screen_name%253ARecovery%26start%3D0%26rows%3D100&start=0&sort=favorite_count+desc,retweeted_count+desc&fq=&fq=&fq=polarity:neutural&rows=100&params=%26sort%3Dfavorite_count%2520desc,retweeted_count%2520desc%26fq%3D%26fq%3D%26fq%3Dpolarity%253Aneutural%26wt%3Djson&wt=json} hits=0 status=0 QTime=3
2020-04-23 14:37:52.613 INFO  (qtp1305935114-27) [   x:SearchCovid] o.a.s.c.S.Request [SearchCovid]  webapp=/solr path=/admin/ping params={} hits=11199 status=0 QTime=4
2020-04-23 14:37:52.613 INFO  (qtp1305935114-27) [   x:SearchCovid] o.a.s.c.S.Request [SearchCovid]  webapp=/solr path=/admin/ping params={} status=0 QTime=4
2020-04-23 14:37:52.620 INFO  (qtp1305935114-48) [   x:SearchCovid] o.a.s.c.S.Request [SearchCovid]  webapp=/solr path=/select params={q=full_text:Recovery+user.screen_name:Recovery&q=q%3Dfull_text%253ARecovery%2520user.screen_name%253ARecovery%26start%3D0%26rows%3D10&start=0&sort=favorite_count+desc,retweeted_count+desc&fq=&fq=&fq=polarity:neutural&rows=10&params=%26sort%3Dfavorite_count%2520desc,retweeted_count%2520desc%26fq%3D%26fq%3D%26fq%3Dpolarity%253Aneutural%26wt%3Djson&wt=json} hits=0 status=0 QTime=1
2020-04-23 14:37:58.066 INFO  (qtp1305935114-43) [   x:SearchCovid] o.a.s.c.S.Request [SearchCovid]  webapp=/solr path=/admin/ping params={} hits=11199 status=0 QTime=5
2020-04-23 14:37:58.066 INFO  (qtp1305935114-43) [   x:SearchCovid] o.a.s.c.S.Request [SearchCovid]  webapp=/solr path=/admin/ping params={} status=0 QTime=5
2020-04-23 14:37:58.074 INFO  (qtp1305935114-44) [   x:SearchCovid] o.a.s.c.S.Request [SearchCovid]  webapp=/solr path=/select params={q=full_text:Recovery+user.screen_name:Recovery&q=q%3Dfull_text%253ARecovery%2520user.screen_name%253ARecovery%26start%3D0%26rows%3D10&start=0&fq=&fq=&fq=&rows=10&params=%26fq%3D%26fq%3D%26fq%3D%26wt%3Djson&wt=json} hits=817 status=0 QTime=0
2020-04-23 14:38:04.757 INFO  (qtp1305935114-27) [   x:SearchCovid] o.a.s.c.S.Request [SearchCovid]  webapp=/solr path=/admin/ping params={} hits=11199 status=0 QTime=3
2020-04-23 14:38:04.757 INFO  (qtp1305935114-27) [   x:SearchCovid] o.a.s.c.S.Request [SearchCovid]  webapp=/solr path=/admin/ping params={} status=0 QTime=4
2020-04-23 14:38:04.763 INFO  (qtp1305935114-48) [   x:SearchCovid] o.a.s.c.S.Request [SearchCovid]  webapp=/solr path=/select params={q=full_text:Recovery+user.screen_name:Recovery&q=q%3Dfull_text%253ARecovery%2520user.screen_name%253ARecovery%26start%3D0%26rows%3D10&start=0&fq=&fq=&fq=&rows=10&params=%26fq%3D%26fq%3D%26fq%3D%26wt%3Djson&wt=json} hits=817 status=0 QTime=0
2020-04-23 14:38:33.992 INFO  (qtp1305935114-43) [   x:SearchCovid] o.a.s.c.S.Request [SearchCovid]  webapp=/solr path=/admin/ping params={} hits=11199 status=0 QTime=4
2020-04-23 14:38:33.992 INFO  (qtp1305935114-43) [   x:SearchCovid] o.a.s.c.S.Request [SearchCovid]  webapp=/solr path=/admin/ping params={} status=0 QTime=5
2020-04-23 14:38:34.594 INFO  (qtp1305935114-44) [   x:SearchCovid] o.a.s.c.S.Request [SearchCovid]  webapp=/solr path=/select params={q=full_text:lockdown+user.screen_name:lockdown&q=q%3Dfull_text%253Alockdown%2520user.screen_name%253Alockdown%26start%3D0%26rows%3D10&start=0&fq=&fq=full_text:Singapore+Singapore&fq=polarity:positive&rows=10&params=%26fq%3D%26fq%3Dfull_text%253ASingapore%2520Singapore%26fq%3Dpolarity%253Apositive%26wt%3Djson&wt=json} hits=0 status=0 QTime=1
2020-04-23 14:38:34.603 INFO  (qtp1305935114-27) [   x:SearchCovid] o.a.s.c.S.Request [SearchCovid]  webapp=/solr path=/admin/ping params={} hits=11199 status=0 QTime=3
2020-04-23 14:38:34.603 INFO  (qtp1305935114-27) [   x:SearchCovid] o.a.s.c.S.Request [SearchCovid]  webapp=/solr path=/admin/ping params={} status=0 QTime=3
2020-04-23 14:38:35.211 INFO  (qtp1305935114-19) [   x:SearchCovid] o.a.s.c.S.Request [SearchCovid]  webapp=/solr path=/select params={q=full_text:lockdown+user.screen_name:lockdown&q=q%3Dfull_text%253Alockdown%2520user.screen_name%253Alockdown%26start%3D0%26rows%3D10&start=0&fq=&fq=full_text:Singapore+Singapore&fq=polarity:positive&rows=10&params=%26fq%3D%26fq%3Dfull_text%253ASingapore%2520Singapore%26fq%3Dpolarity%253Apositive%26wt%3Djson&wt=json} hits=0 status=0 QTime=1
2020-04-23 14:38:40.746 INFO  (qtp1305935114-43) [   x:SearchCovid] o.a.s.c.S.Request [SearchCovid]  webapp=/solr path=/admin/ping params={} hits=11199 status=0 QTime=4
2020-04-23 14:38:40.746 INFO  (qtp1305935114-43) [   x:SearchCovid] o.a.s.c.S.Request [SearchCovid]  webapp=/solr path=/admin/ping params={} status=0 QTime=4
2020-04-23 14:38:42.787 INFO  (qtp1305935114-44) [   x:SearchCovid] o.a.s.c.S.Request [SearchCovid]  webapp=/solr path=/select params={q=full_text:lockdown+user.screen_name:lockdown&q=q%3Dfull_text%253Alockdown%2520user.screen_name%253Alockdown%26start%3D0%26rows%3D10&start=0&fq=&fq=full_text:Singapore+Singapore&fq=polarity:neutural&rows=10&params=%26fq%3D%26fq%3Dfull_text%253ASingapore%2520Singapore%26fq%3Dpolarity%253Aneutural%26wt%3Djson&wt=json} hits=0 status=0 QTime=1
2020-04-23 14:38:45.643 INFO  (qtp1305935114-27) [   x:SearchCovid] o.a.s.c.S.Request [SearchCovid]  webapp=/solr path=/admin/ping params={} hits=11199 status=0 QTime=5
2020-04-23 14:38:45.643 INFO  (qtp1305935114-27) [   x:SearchCovid] o.a.s.c.S.Request [SearchCovid]  webapp=/solr path=/admin/ping params={} status=0 QTime=5
2020-04-23 14:38:48.223 INFO  (qtp1305935114-19) [   x:SearchCovid] o.a.s.c.S.Request [SearchCovid]  webapp=/solr path=/select params={q=full_text:lockdown+user.screen_name:lockdown&q=q%3Dfull_text%253Alockdown%2520user.screen_name%253Alockdown%26start%3D0%26rows%3D10&start=0&fq=&fq=full_text:Singapore+Singapore&fq=polarity:negative&rows=10&params=%26fq%3D%26fq%3Dfull_text%253ASingapore%2520Singapore%26fq%3Dpolarity%253Anegative%26wt%3Djson&wt=json} hits=0 status=0 QTime=2
2020-04-23 14:38:54.779 INFO  (qtp1305935114-43) [   x:SearchCovid] o.a.s.c.S.Request [SearchCovid]  webapp=/solr path=/admin/ping params={} hits=11199 status=0 QTime=6
2020-04-23 14:38:54.779 INFO  (qtp1305935114-43) [   x:SearchCovid] o.a.s.c.S.Request [SearchCovid]  webapp=/solr path=/admin/ping params={} status=0 QTime=6
2020-04-23 14:38:54.999 INFO  (qtp1305935114-44) [   x:SearchCovid] o.a.s.c.S.Request [SearchCovid]  webapp=/solr path=/clustering params={q=full_text:lockdown+user.screen_name:lockdown&q=q%3Dfull_text%253Alockdown%2520user.screen_name%253Alockdown%26start%3D0%26rows%3D100&start=0&sort=favorite_count+desc,retweeted_count+desc&fq=created_at:[NOW-1MONTH+TO+NOW]&fq=&fq=polarity:negative&rows=100&params=%26sort%3Dfavorite_count%2520desc,retweeted_count%2520desc%26fq%3Dcreated_at%253A[NOW-1MONTH%2520TO%2520NOW]%26fq%3D%26fq%3Dpolarity%253Anegative%26wt%3Djson&wt=json} hits=114 status=0 QTime=212
2020-04-23 14:41:05.269 INFO  (qtp1305935114-27) [   x:SearchCovid] o.a.s.c.S.Request [SearchCovid]  webapp=/solr path=/clustering params={q=full_text:lockdown+user.screen_name:lockdown&start=0&sort=favorite_count+desc,retweeted_count+desc&fq=created_at:[NOW-1MONTH+TO+NOW]&fq=&fq=polarity:negative&rows=100&wt=json} hits=114 status=0 QTime=129
